{"level":"info","message":"POST /api/v1/user/signin","timestamp":"2024-05-19T13:19:42.646Z"}
{"level":"info","message":"GET /api/v1/product/category/paving","timestamp":"2024-05-19T13:55:51.368Z"}
{"level":"info","message":"POST /api/v1/user/signin","timestamp":"2024-06-07T05:11:00.337Z"}
{"level":"info","message":"POST /api/v1/user/signin","timestamp":"2024-06-07T05:11:10.692Z"}
{"level":"info","message":"POST /api/v1/user/signin","timestamp":"2024-06-07T05:15:34.369Z"}
{"level":"info","message":"POST /api/v1/user/signin","timestamp":"2024-06-07T06:16:26.360Z"}
{"level":"info","message":"POST /api/v1/user/delete/:username","timestamp":"2024-06-07T06:21:39.410Z"}
{"level":"info","message":"POST /api/v1/user/signin","timestamp":"2024-06-07T06:33:08.610Z"}
{"level":"info","message":"POST /api/v1/user/signin","timestamp":"2024-06-07T06:33:23.664Z"}
{"level":"info","message":"POST /api/v1/user/signin","timestamp":"2024-06-07T06:35:36.716Z"}
{"level":"info","message":"POST /api/v1/user/signin","timestamp":"2024-06-07T06:35:43.359Z"}
{"level":"info","message":"POST /api/v1/user/signin","timestamp":"2024-06-07T06:37:08.167Z"}
{"level":"info","message":"POST /api/v1/user/signin","timestamp":"2024-06-07T06:38:23.980Z"}
{"level":"info","message":"POST /api/v1/user/signin","timestamp":"2024-06-07T06:38:41.838Z"}
{"level":"info","message":"POST /api/v1/user/signin","timestamp":"2024-06-07T06:41:22.679Z"}
{"level":"info","message":"POST /api/v1/user/signin","timestamp":"2024-06-07T06:42:04.712Z"}
{"level":"info","message":"POST /api/v1/user/signin","timestamp":"2024-06-07T06:42:50.479Z"}
{"level":"info","message":"POST /api/v1/user/signin","timestamp":"2024-06-07T06:42:55.431Z"}
{"level":"info","message":"POST /api/v1/user/signin","timestamp":"2024-06-07T06:42:58.004Z"}
{"level":"info","message":"POST /api/v1/user/signin","timestamp":"2024-06-07T06:43:19.201Z"}
{"level":"info","message":"POST /api/v1/user/signin","timestamp":"2024-06-07T06:47:35.708Z"}
{"level":"info","message":"POST /api/v1/user/signin","timestamp":"2024-06-07T06:48:54.431Z"}
{"level":"info","message":"POST /api/v1/user/signin","timestamp":"2024-06-07T06:48:57.414Z"}
{"level":"info","message":"POST /api/v1/user/signin","timestamp":"2024-06-07T06:48:58.274Z"}
{"level":"info","message":"POST /api/v1/user/signin","timestamp":"2024-06-07T06:48:58.840Z"}
{"level":"info","message":"POST /api/v1/user/signin","timestamp":"2024-06-07T06:48:59.333Z"}
{"level":"info","message":"POST /api/v1/user/signin","timestamp":"2024-06-07T06:52:13.218Z"}
{"level":"info","message":"POST /api/v1/user/signin","timestamp":"2024-06-07T06:54:49.913Z"}
{"level":"info","message":"POST /api/v1/user/signin","timestamp":"2024-06-07T06:54:58.023Z"}
{"level":"info","message":"POST /api/v1/user/signin","timestamp":"2024-06-07T06:56:08.887Z"}
{"level":"info","message":"POST /api/v1/user/signin","timestamp":"2024-06-07T06:56:11.993Z"}
{"level":"info","message":"POST /api/v1/user/signin","timestamp":"2024-06-07T06:59:58.570Z"}
{"level":"info","message":"POST /api/v1/user/signin","timestamp":"2024-06-07T07:00:59.853Z"}
{"level":"info","message":"POST /api/v1/user/signin","timestamp":"2024-06-07T07:01:03.019Z"}
{"level":"info","message":"POST /api/v1/user/signin","timestamp":"2024-06-07T07:01:33.430Z"}
{"level":"info","message":"POST /api/v1/user/signin","timestamp":"2024-06-07T07:02:19.532Z"}
{"level":"info","message":"POST /api/v1/user/signin","timestamp":"2024-06-07T07:02:25.042Z"}
{"level":"info","message":"POST /api/v1/user/signin","timestamp":"2024-06-07T07:02:42.491Z"}
{"level":"info","message":"POST /api/v1/user/signin","timestamp":"2024-06-07T07:04:53.405Z"}
{"level":"info","message":"POST /api/v1/user/signin","timestamp":"2024-06-07T07:05:06.088Z"}
{"level":"info","message":"POST /api/v1/user/signin","timestamp":"2024-06-07T07:06:58.883Z"}
{"level":"info","message":"POST /api/v1/user/signin","timestamp":"2024-06-07T07:07:08.488Z"}
{"level":"info","message":"POST /api/v1/user/signin","timestamp":"2024-06-07T07:07:15.544Z"}
{"level":"info","message":"POST /api/v1/user/signin","timestamp":"2024-06-07T07:07:29.054Z"}
{"level":"info","message":"POST /api/v1/user/signin","timestamp":"2024-06-07T07:15:41.289Z"}
{"level":"info","message":"POST /api/v1/user/signin","timestamp":"2024-06-07T07:17:01.593Z"}
{"level":"info","message":"POST /api/v1/user/signin","timestamp":"2024-06-07T07:18:02.313Z"}
{"level":"info","message":"POST /api/v1/user/signin","timestamp":"2024-06-07T07:24:08.095Z"}
{"level":"info","message":"POST /api/v1/user/signin","timestamp":"2024-06-07T07:27:21.314Z"}
{"level":"info","message":"POST /api/v1/user/signin","timestamp":"2024-06-09T14:55:06.800Z"}
{"level":"info","message":"POST /api/v1/user/signin","timestamp":"2024-06-09T16:21:19.138Z"}
{"level":"info","message":"POST /api/v1/user/signin","timestamp":"2024-06-09T16:27:30.351Z"}
{"level":"info","message":"POST /api/v1/user/signin","timestamp":"2024-06-09T16:27:46.077Z"}
{"level":"info","message":"POST /api/v1/user/signin","timestamp":"2024-06-09T16:50:34.782Z"}
{"level":"info","message":"POST /api/v1/user/signin","timestamp":"2024-06-09T16:50:49.790Z"}
{"level":"info","message":"POST /api/v1/user/signin","timestamp":"2024-06-09T16:52:18.195Z"}
{"level":"info","message":"POST /api/v1/user/signin","timestamp":"2024-06-09T16:58:44.290Z"}
{"level":"info","message":"POST /api/v1/user/signin","timestamp":"2024-06-09T17:09:59.533Z"}
{"level":"info","message":"POST /api/v1/user/signin","timestamp":"2024-06-09T17:10:41.170Z"}
{"level":"info","message":"POST /api/v1/user/signin","timestamp":"2024-06-09T17:10:46.505Z"}
{"level":"info","message":"POST /api/v1/user/signin","timestamp":"2024-06-09T17:11:24.925Z"}
{"level":"info","message":"POST /api/v1/user/signin","timestamp":"2024-06-09T17:12:12.894Z"}
{"level":"info","message":"POST /api/v1/user/signin","timestamp":"2024-06-09T17:18:02.792Z"}
{"level":"info","message":"POST /api/v1/user/signin","timestamp":"2024-06-09T17:18:24.974Z"}
{"level":"info","message":"POST /api/v1/user/signin","timestamp":"2024-06-09T17:19:40.895Z"}
{"level":"info","message":"POST /api/v1/user/signin","timestamp":"2024-06-09T17:20:46.986Z"}
{"level":"info","message":"POST /api/v1/user/signin","timestamp":"2024-06-09T17:21:08.899Z"}
{"level":"info","message":"POST /api/v1/user/signin","timestamp":"2024-06-09T17:40:42.844Z"}
{"level":"info","message":"POST /api/v1/user/signin","timestamp":"2024-06-09T17:56:15.676Z"}
{"level":"info","message":"POST /api/v1/user/signin","timestamp":"2024-06-09T18:11:00.050Z"}
{"level":"info","message":"POST /api/v1/user/signin","timestamp":"2024-06-09T18:16:24.619Z"}
{"level":"info","message":"POST /api/v1/user/signin","timestamp":"2024-06-09T18:22:03.986Z"}
{"level":"info","message":"POST /api/v1/user/signin","timestamp":"2024-06-09T18:22:15.552Z"}
{"level":"info","message":"POST /api/v1/user/signin","timestamp":"2024-06-09T18:22:16.064Z"}
{"level":"info","message":"POST /api/v1/user/signin","timestamp":"2024-06-09T18:22:16.220Z"}
{"level":"info","message":"POST /api/v1/user/signin","timestamp":"2024-06-09T18:22:16.401Z"}
{"level":"info","message":"POST /api/v1/user/signin","timestamp":"2024-06-09T18:22:16.549Z"}
{"level":"info","message":"POST /api/v1/user/signin","timestamp":"2024-06-09T18:22:16.710Z"}
{"level":"info","message":"POST /api/v1/user/signin","timestamp":"2024-06-09T18:22:17.113Z"}
{"level":"info","message":"POST /api/v1/user/signin","timestamp":"2024-06-09T18:22:17.288Z"}
{"level":"info","message":"POST /api/v1/user/signin","timestamp":"2024-06-09T18:22:17.459Z"}
{"level":"info","message":"POST /api/v1/user/signin","timestamp":"2024-06-09T18:22:17.729Z"}
{"level":"info","message":"POST /api/v1/user/signin","timestamp":"2024-06-09T18:22:18.102Z"}
{"level":"info","message":"POST /api/v1/user/signin","timestamp":"2024-06-09T18:22:28.115Z"}
{"level":"info","message":"POST /api/v1/user/signin","timestamp":"2024-06-09T18:22:44.184Z"}
{"level":"info","message":"POST /api/v1/user/signin","timestamp":"2024-06-09T18:22:45.897Z"}
{"level":"info","message":"POST /api/v1/user/signin","timestamp":"2024-06-09T18:22:46.568Z"}
{"level":"info","message":"POST /api/v1/user/signin","timestamp":"2024-06-09T18:22:47.104Z"}
{"level":"info","message":"POST /api/v1/user/signin","timestamp":"2024-06-09T18:22:47.509Z"}
{"level":"info","message":"POST /api/v1/user/signin","timestamp":"2024-06-09T18:22:47.863Z"}
{"level":"info","message":"POST /api/v1/user/signin","timestamp":"2024-06-09T18:22:48.230Z"}
{"level":"info","message":"POST /api/v1/user/signin","timestamp":"2024-06-09T18:22:48.570Z"}
{"level":"info","message":"POST /api/v1/user/signin","timestamp":"2024-06-09T18:22:49.002Z"}
{"level":"info","message":"POST /api/v1/user/signin","timestamp":"2024-06-09T18:22:52.956Z"}
{"level":"info","message":"POST /api/v1/user/signin","timestamp":"2024-06-09T18:22:53.875Z"}
{"level":"info","message":"POST /api/v1/user/signin","timestamp":"2024-06-09T18:24:13.443Z"}
{"level":"info","message":"POST /api/v1/user/signin","timestamp":"2024-06-09T18:24:44.354Z"}
{"level":"info","message":"POST /api/v1/user/signin","timestamp":"2024-06-09T18:34:37.768Z"}
{"level":"info","message":"POST /api/v1/user/signin","timestamp":"2024-06-09T18:42:05.566Z"}
{"level":"info","message":"POST /api/v1/user/signin","timestamp":"2024-06-09T18:47:43.451Z"}
{"level":"info","message":"POST /api/v1/user/signin","timestamp":"2024-06-09T18:48:48.133Z"}
{"level":"info","message":"POST /api/v1/user/signin","timestamp":"2024-06-09T18:48:56.836Z"}
{"level":"info","message":"POST /api/v1/user/signin","timestamp":"2024-06-09T18:52:10.215Z"}
{"level":"info","message":"POST /api/v1/user/signin","timestamp":"2024-06-09T18:55:30.375Z"}
{"level":"info","message":"POST /api/v1/user/signin","timestamp":"2024-06-09T18:56:32.235Z"}
{"level":"info","message":"POST /api/v1/user/signin","timestamp":"2024-06-09T18:57:09.869Z"}
{"level":"info","message":"POST /api/v1/user/signin","timestamp":"2024-06-09T19:01:14.442Z"}
{"level":"info","message":"POST /api/v1/user/signin","timestamp":"2024-06-09T19:02:23.456Z"}
{"level":"info","message":"POST /api/v1/user/signin","timestamp":"2024-06-09T19:03:03.747Z"}
{"level":"info","message":"POST /api/v1/user/signin","timestamp":"2024-06-14T05:07:37.423Z"}
{"level":"info","message":"POST /api/v1/user/signin","timestamp":"2024-06-14T05:09:58.811Z"}
{"level":"info","message":"POST /api/v1/user/signin","timestamp":"2024-06-14T05:10:24.623Z"}
{"level":"info","message":"POST /api/v1/user/signin","timestamp":"2024-06-14T07:36:34.549Z"}
{"level":"info","message":"POST /api/v1/user/signin","timestamp":"2024-06-14T07:37:26.207Z"}
{"level":"info","message":"POST /api/v1/user/signin","timestamp":"2024-06-14T07:39:23.829Z"}
{"level":"info","message":"POST /api/v1/user/signin","timestamp":"2024-06-14T07:40:47.192Z"}
{"level":"info","message":"POST /api/v1/user/signin","timestamp":"2024-06-14T07:47:20.475Z"}
{"level":"info","message":"POST /api/v1/user/signin","timestamp":"2024-06-14T07:48:07.854Z"}
{"level":"info","message":"POST /api/v1/user/signin","timestamp":"2024-06-14T07:48:58.488Z"}
{"level":"info","message":"POST /api/v1/user/signin","timestamp":"2024-06-14T07:52:38.334Z"}
{"level":"info","message":"POST /api/v1/user/signin","timestamp":"2024-06-14T07:54:56.884Z"}
{"level":"info","message":"POST /api/v1/user/signin","timestamp":"2024-06-14T07:55:52.860Z"}
{"level":"info","message":"GET /api/v1/user/users","timestamp":"2024-06-14T07:57:04.172Z"}
{"level":"info","message":"GET /api/v1/user/signin","timestamp":"2024-06-14T08:04:38.166Z"}
{"level":"info","message":"POST /api/v1/user/signin","timestamp":"2024-06-14T08:04:56.912Z"}
{"level":"info","message":"GET /api/v1/user/signin","timestamp":"2024-06-14T08:05:00.432Z"}
{"level":"info","message":"GET /api/v1/user/signin","timestamp":"2024-06-14T08:05:05.550Z"}
{"level":"info","message":"POST /api/v1/user/signin","timestamp":"2024-06-14T08:06:13.114Z"}
{"level":"info","message":"GET /api/v1/user/signin","timestamp":"2024-06-14T08:06:17.886Z"}
{"level":"info","message":"POST /api/v1/user/signin","timestamp":"2024-06-14T08:13:50.387Z"}
{"level":"info","message":"GET /api/v1/user/users","timestamp":"2024-06-14T08:15:52.366Z"}
{"level":"info","message":"POST /api/v1/user/signin","timestamp":"2024-06-14T08:15:57.580Z"}
{"level":"info","message":"GET /api/v1/user/users","timestamp":"2024-06-14T08:16:24.814Z"}
{"level":"info","message":"GET /api/v1/user/users","timestamp":"2024-06-14T08:17:27.909Z"}
{"level":"info","message":"GET /api/v1/user/users","timestamp":"2024-06-14T08:17:59.978Z"}
{"level":"info","message":"GET /api/v1/user/users","timestamp":"2024-06-14T08:18:08.304Z"}
{"level":"info","message":"POST /api/v1/user/signin","timestamp":"2024-06-14T09:32:28.291Z"}
{"level":"info","message":"POST /api/v1/user/signin","timestamp":"2024-06-14T09:32:52.861Z"}
{"level":"info","message":"POST /api/v1/user/signin","timestamp":"2024-06-14T09:36:35.874Z"}
{"level":"info","message":"POST /api/v1/user/signin","timestamp":"2024-06-14T09:41:11.493Z"}
{"level":"info","message":"POST /api/v1/user/signin","timestamp":"2024-06-14T09:41:32.503Z"}
{"level":"info","message":"POST /api/v1/user/signin","timestamp":"2024-06-14T09:44:56.378Z"}
{"level":"info","message":"POST /api/v1/user/signin","timestamp":"2024-06-14T09:46:27.901Z"}
{"level":"info","message":"POST /api/v1/user/signin","timestamp":"2024-06-14T09:46:36.322Z"}
{"level":"info","message":"POST /api/v1/user/signin","timestamp":"2024-06-14T09:47:41.560Z"}
{"level":"info","message":"POST /api/v1/user/signin","timestamp":"2024-06-14T09:49:37.852Z"}
{"level":"info","message":"POST /api/v1/user/signin","timestamp":"2024-06-14T09:50:26.423Z"}
{"level":"info","message":"POST /api/v1/user/signin","timestamp":"2024-06-14T09:50:59.621Z"}
{"level":"info","message":"POST /api/v1/user/signin","timestamp":"2024-06-14T09:51:21.333Z"}
{"level":"info","message":"POST /api/v1/user/signin","timestamp":"2024-06-14T09:52:30.650Z"}
{"level":"info","message":"POST /api/v1/user/signin","timestamp":"2024-06-14T09:53:12.303Z"}
{"level":"info","message":"POST /api/v1/user/signin","timestamp":"2024-06-14T09:54:33.083Z"}
{"level":"info","message":"POST /api/v1/user/signin","timestamp":"2024-06-14T09:56:04.407Z"}
{"level":"info","message":"POST /api/v1/user/signin","timestamp":"2024-06-14T09:59:41.125Z"}
{"level":"info","message":"POST /api/v1/user/signin","timestamp":"2024-06-14T09:59:57.307Z"}
{"level":"info","message":"POST /api/v1/user/signin","timestamp":"2024-06-14T10:00:29.632Z"}
{"level":"info","message":"POST /api/v1/user/signin","timestamp":"2024-06-14T10:00:51.917Z"}
{"level":"info","message":"POST /api/v1/user/signin","timestamp":"2024-06-14T10:01:35.983Z"}
{"level":"info","message":"POST /api/v1/user/signin","timestamp":"2024-06-14T10:04:51.881Z"}
{"level":"info","message":"POST /api/v1/user/signin","timestamp":"2024-06-14T10:05:13.433Z"}
{"level":"info","message":"POST /api/v1/user/signin","timestamp":"2024-06-14T10:05:19.868Z"}
{"level":"info","message":"POST /api/v1/user/signin","timestamp":"2024-06-14T10:13:41.157Z"}
{"level":"info","message":"POST /api/v1/user/signin","timestamp":"2024-06-14T10:14:12.376Z"}
{"level":"info","message":"POST /api/v1/user/signin","timestamp":"2024-06-14T10:14:38.853Z"}
{"level":"info","message":"POST /api/v1/user/signin","timestamp":"2024-06-14T10:18:02.059Z"}
{"level":"info","message":"POST /api/v1/user/signin","timestamp":"2024-06-14T10:18:06.715Z"}
{"level":"info","message":"GET /api/v1/user/signin","timestamp":"2024-06-14T10:22:32.439Z"}
{"level":"info","message":"GET /api/v1/user/signin","timestamp":"2024-06-14T10:30:35.234Z"}
{"level":"info","message":"POST /api/v1/user/signup","timestamp":"2024-09-21T18:05:45.564Z"}
{"level":"info","message":"POST /api/v1/user/verify","timestamp":"2024-09-21T18:06:08.767Z"}
{"level":"info","message":"POST /api/v1/user/signin","timestamp":"2024-09-21T18:09:59.892Z"}
{"level":"info","message":"POST /api/v1/user/signin","timestamp":"2024-09-21T18:19:53.928Z"}
{"level":"info","message":"POST /api/v1/user/signin","timestamp":"2024-09-21T18:22:14.858Z"}
{"level":"info","message":"POST /api/v1/user/signin","timestamp":"2024-09-21T18:22:37.412Z"}
{"level":"info","message":"POST /api/v1/user/signin","timestamp":"2024-09-21T18:23:25.347Z"}
{"level":"info","message":"POST /api/v1/user/signin","timestamp":"2024-09-21T18:28:45.185Z"}
{"level":"info","message":"POST /api/v1/user/signin","timestamp":"2024-09-21T18:50:42.668Z"}
{"level":"info","message":"POST /api/v1/user/signin","timestamp":"2024-09-21T18:50:54.156Z"}
{"level":"info","message":"POST /api/v1/user/signin","timestamp":"2024-09-21T18:51:25.912Z"}
{"level":"info","message":"POST /api/v1/user/signin","timestamp":"2024-09-21T18:57:04.880Z"}
{"level":"info","message":"POST /api/v1/user/signin","timestamp":"2024-09-21T19:10:40.036Z"}
{"level":"info","message":"POST /api/v1/user/signin","timestamp":"2024-09-21T19:10:43.290Z"}
{"level":"info","message":"POST /api/v1/user/signin","timestamp":"2024-09-21T19:12:10.536Z"}
{"level":"info","message":"POST /api/v1/user/signin","timestamp":"2024-09-21T19:14:31.599Z"}
{"level":"info","message":"POST /api/v1/user/signin","timestamp":"2024-09-21T19:14:32.689Z"}
{"level":"info","message":"POST /api/v1/user/signin","timestamp":"2024-09-21T19:15:02.073Z"}
{"level":"info","message":"POST /api/v1/user/signin","timestamp":"2024-09-21T19:15:16.472Z"}
{"level":"info","message":"POST /api/v1/user/signin","timestamp":"2024-09-21T19:15:16.932Z"}
{"level":"info","message":"POST /api/v1/user/signin","timestamp":"2024-09-21T19:17:24.748Z"}
{"level":"info","message":"POST /api/v1/user/signin","timestamp":"2024-09-21T19:17:25.815Z"}
{"level":"info","message":"POST /api/v1/user/signin","timestamp":"2024-09-21T19:18:22.055Z"}
{"level":"info","message":"POST /api/v1/user/signin","timestamp":"2024-09-21T19:19:42.918Z"}
{"level":"info","message":"POST /api/v1/user/signin","timestamp":"2024-09-21T19:20:08.720Z"}
{"level":"info","message":"POST /api/v1/user/signin","timestamp":"2024-09-21T19:21:34.351Z"}
{"level":"info","message":"POST /api/v1/user/signin","timestamp":"2024-09-21T19:22:05.081Z"}
{"level":"info","message":"POST /api/v1/user/signin","timestamp":"2024-09-21T19:22:06.312Z"}
{"level":"info","message":"POST /api/v1/user/signin","timestamp":"2024-09-21T19:22:07.378Z"}
{"level":"info","message":"POST /api/v1/user/signin","timestamp":"2024-09-21T19:22:08.371Z"}
{"level":"info","message":"POST /api/v1/user/signin","timestamp":"2024-09-21T19:23:11.552Z"}
{"level":"info","message":"POST /api/v1/user/signin","timestamp":"2024-09-21T19:23:42.021Z"}
{"level":"info","message":"POST /api/v1/user/signin","timestamp":"2024-09-21T19:25:08.581Z"}
{"level":"info","message":"POST /api/v1/user/signin","timestamp":"2024-09-21T19:25:15.464Z"}
{"level":"info","message":"POST /api/v1/user/signin","timestamp":"2024-09-21T19:26:22.914Z"}
{"level":"info","message":"POST /api/v1/user/signin","timestamp":"2024-09-21T19:26:24.066Z"}
{"level":"info","message":"POST /api/v1/user/signin","timestamp":"2024-09-21T19:26:24.830Z"}
{"level":"info","message":"POST /api/v1/user/signin","timestamp":"2024-09-21T19:26:25.195Z"}
{"level":"info","message":"POST /api/v1/user/signin","timestamp":"2024-09-21T19:26:25.547Z"}
{"level":"info","message":"POST /api/v1/user/signin","timestamp":"2024-09-21T19:29:28.763Z"}
{"level":"info","message":"POST /api/v1/user/signin","timestamp":"2024-09-21T19:29:48.224Z"}
{"level":"info","message":"POST /api/v1/user/signin","timestamp":"2024-09-21T19:29:57.773Z"}
{"level":"info","message":"POST /api/v1/user/signin","timestamp":"2024-09-21T19:30:43.148Z"}
{"level":"info","message":"POST /api/v1/user/signin","timestamp":"2024-09-21T19:30:57.157Z"}
{"level":"info","message":"POST /api/v1/user/signin","timestamp":"2024-09-21T19:31:42.410Z"}
{"level":"info","message":"POST /api/v1/user/signin","timestamp":"2024-09-21T19:35:06.543Z"}
{"level":"info","message":"POST /api/v1/user/signin","timestamp":"2024-09-21T19:35:55.662Z"}
{"level":"info","message":"POST /api/v1/user/signin","timestamp":"2024-09-21T19:35:57.102Z"}
{"level":"info","message":"POST /api/v1/user/signin","timestamp":"2024-09-21T19:36:10.603Z"}
{"level":"info","message":"POST /api/v1/user/signin","timestamp":"2024-09-21T19:40:32.585Z"}
{"level":"info","message":"POST /api/v1/user/signin","timestamp":"2024-09-21T19:44:25.961Z"}
{"level":"info","message":"POST /api/v1/user/signin","timestamp":"2024-09-21T19:46:57.073Z"}
{"level":"info","message":"POST /api/v1/user/signin","timestamp":"2024-09-21T19:48:52.214Z"}
{"level":"info","message":"POST /api/v1/user/signout","timestamp":"2024-09-21T19:51:58.324Z"}
{"level":"info","message":"POST /api/v1/user/signin","timestamp":"2024-09-21T19:52:03.376Z"}
{"level":"info","message":"POST /api/v1/user/signout","timestamp":"2024-09-21T19:52:05.376Z"}
{"level":"info","message":"POST /api/v1/user/signout","timestamp":"2024-09-21T19:52:06.423Z"}
{"level":"info","message":"POST /api/v1/user/signout","timestamp":"2024-09-21T19:52:07.359Z"}
{"level":"info","message":"POST /api/v1/user/signout","timestamp":"2024-09-21T19:52:08.218Z"}
{"level":"info","message":"POST /api/v1/user/signout","timestamp":"2024-09-21T19:52:09.274Z"}
{"level":"info","message":"POST /api/v1/user/signout","timestamp":"2024-09-21T19:52:09.984Z"}
{"level":"info","message":"POST /api/v1/user/signout","timestamp":"2024-09-21T19:52:10.742Z"}
{"level":"info","message":"POST /api/v1/user/signout","timestamp":"2024-09-21T19:52:11.361Z"}
{"level":"info","message":"POST /api/v1/user/signout","timestamp":"2024-09-21T19:52:11.945Z"}
{"level":"info","message":"POST /api/v1/user/signout","timestamp":"2024-09-21T19:57:00.278Z"}
{"level":"info","message":"POST /api/v1/user/signout","timestamp":"2024-09-21T19:57:01.037Z"}
{"level":"info","message":"POST /api/v1/user/signout","timestamp":"2024-09-21T19:57:01.642Z"}
{"level":"info","message":"POST /api/v1/user/signout","timestamp":"2024-09-21T19:57:02.109Z"}
{"level":"info","message":"POST /api/v1/user/signout","timestamp":"2024-09-21T19:57:02.505Z"}
{"level":"info","message":"POST /api/v1/user/signin","timestamp":"2024-09-21T20:09:21.972Z"}
{"level":"info","message":"POST /api/v1/user/signout","timestamp":"2024-09-21T20:09:24.749Z"}
{"level":"info","message":"POST /api/v1/user/signout","timestamp":"2024-09-21T20:09:25.726Z"}
{"level":"info","message":"POST /api/v1/user/signout","timestamp":"2024-09-21T20:09:26.279Z"}
{"level":"info","message":"POST /api/v1/user/signout","timestamp":"2024-09-21T20:09:26.679Z"}
{"level":"info","message":"POST /api/v1/user/signout","timestamp":"2024-09-21T20:09:27.081Z"}
{"level":"info","message":"POST /api/v1/user/signout","timestamp":"2024-09-21T20:09:27.795Z"}
{"level":"info","message":"POST /api/v1/user/signout","timestamp":"2024-09-21T20:11:28.945Z"}
{"level":"info","message":"POST /api/v1/user/signout","timestamp":"2024-09-21T20:12:21.171Z"}
{"level":"info","message":"POST /api/v1/user/signout","timestamp":"2024-09-21T20:12:36.410Z"}
{"level":"info","message":"POST /api/v1/user/signout","timestamp":"2024-09-21T20:12:47.809Z"}
{"level":"info","message":"POST /api/v1/user/signout","timestamp":"2024-09-21T20:15:15.757Z"}
{"level":"info","message":"POST /api/v1/user/signout","timestamp":"2024-09-21T20:17:00.352Z"}
{"level":"info","message":"POST /api/v1/user/signout","timestamp":"2024-09-21T20:17:58.344Z"}
{"level":"info","message":"POST /api/v1/user/signin","timestamp":"2024-09-21T20:20:39.366Z"}
{"level":"info","message":"POST /api/v1/user/signin","timestamp":"2024-09-21T20:21:04.507Z"}
{"level":"info","message":"POST /api/v1/user/signin","timestamp":"2024-09-21T20:21:09.566Z"}
{"level":"info","message":"POST /api/v1/user/signin","timestamp":"2024-09-21T20:21:10.611Z"}
{"level":"info","message":"POST /api/v1/user/signin","timestamp":"2024-09-21T20:21:11.785Z"}
{"level":"info","message":"POST /api/v1/user/signin","timestamp":"2024-09-21T20:21:12.714Z"}
{"level":"info","message":"POST /api/v1/user/signin","timestamp":"2024-09-21T20:21:14.241Z"}
{"level":"info","message":"POST /api/v1/user/signin","timestamp":"2024-09-21T20:21:32.015Z"}
{"level":"info","message":"POST /api/v1/user/signin","timestamp":"2024-09-21T20:21:46.802Z"}
{"level":"info","message":"POST /api/v1/user/signin","timestamp":"2024-09-21T20:23:34.584Z"}
{"level":"info","message":"POST /api/v1/user/signin","timestamp":"2024-09-21T20:24:12.996Z"}
{"level":"info","message":"POST /api/v1/user/signin","timestamp":"2024-09-21T20:30:28.460Z"}
{"level":"info","message":"POST /api/v1/user/signin","timestamp":"2024-09-21T20:30:54.131Z"}
{"level":"info","message":"POST /api/v1/user/signin","timestamp":"2024-09-21T20:31:04.907Z"}
{"level":"info","message":"POST /api/v1/user/signin","timestamp":"2024-09-21T20:31:13.139Z"}
{"level":"info","message":"POST /api/v1/user/signin","timestamp":"2024-09-21T20:31:20.963Z"}
{"level":"info","message":"POST /api/v1/user/signin","timestamp":"2024-09-21T20:33:08.212Z"}
{"level":"info","message":"POST /api/v1/user/signin","timestamp":"2024-09-21T20:38:05.059Z"}
{"level":"info","message":"POST /api/v1/user/signin","timestamp":"2024-09-21T20:38:19.044Z"}
{"level":"info","message":"POST /api/v1/user/signin","timestamp":"2024-09-21T20:38:25.207Z"}
{"level":"info","message":"POST /api/v1/user/signin","timestamp":"2024-09-21T20:38:26.188Z"}
{"level":"info","message":"POST /api/v1/user/signin","timestamp":"2024-09-21T20:38:30.773Z"}
{"level":"info","message":"POST /api/v1/user/signin","timestamp":"2024-09-21T20:38:32.069Z"}
{"level":"info","message":"POST /api/v1/user/signin","timestamp":"2024-09-21T20:40:03.164Z"}
{"level":"info","message":"POST /api/v1/user/signin","timestamp":"2024-09-21T20:41:24.834Z"}
{"level":"info","message":"POST /api/v1/user/signin","timestamp":"2024-09-21T20:41:26.577Z"}
{"level":"info","message":"POST /api/v1/user/signin","timestamp":"2024-09-21T20:41:32.649Z"}
{"level":"info","message":"POST /api/v1/user/signin","timestamp":"2024-09-21T20:41:33.593Z"}
{"level":"info","message":"POST /api/v1/user/signin","timestamp":"2024-09-21T20:41:34.413Z"}
{"level":"info","message":"POST /api/v1/user/signin","timestamp":"2024-09-21T20:41:39.335Z"}
{"level":"info","message":"POST /api/v1/user/signin","timestamp":"2024-09-21T20:41:47.559Z"}
{"level":"info","message":"POST /api/v1/user/signin","timestamp":"2024-09-21T20:42:29.887Z"}
{"level":"info","message":"POST /api/v1/user/signin","timestamp":"2024-09-21T20:43:29.256Z"}
{"level":"info","message":"POST /api/v1/user/signin","timestamp":"2024-09-21T20:46:17.725Z"}
{"level":"info","message":"POST /api/v1/user/signout","timestamp":"2024-09-21T20:46:20.044Z"}
{"level":"info","message":"POST /api/v1/user/signout","timestamp":"2024-09-21T20:46:20.838Z"}
{"level":"info","message":"POST /api/v1/user/signout","timestamp":"2024-09-21T20:46:21.322Z"}
{"level":"info","message":"POST /api/v1/user/signout","timestamp":"2024-09-21T20:46:21.734Z"}
{"level":"info","message":"POST /api/v1/user/signout","timestamp":"2024-09-21T20:46:22.119Z"}
{"level":"info","message":"POST /api/v1/user/signout","timestamp":"2024-09-21T20:46:23.657Z"}
{"level":"info","message":"POST /api/v1/user/signout","timestamp":"2024-09-21T20:46:24.169Z"}
{"level":"info","message":"POST /api/v1/user/password_reset","timestamp":"2024-09-21T20:46:28.098Z"}
{"level":"info","message":"POST /api/v1/user/password_reset","timestamp":"2024-09-21T20:46:29.159Z"}
{"level":"info","message":"POST /api/v1/user/password_reset","timestamp":"2024-09-21T20:46:29.751Z"}
{"level":"info","message":"POST /api/v1/user/signin","timestamp":"2024-09-21T21:09:22.486Z"}
{"level":"info","message":"POST /api/v1/user/password_reset","timestamp":"2024-09-21T21:09:40.691Z"}
{"level":"info","message":"POST /api/v1/user/password_reset","timestamp":"2024-09-21T21:09:42.384Z"}
{"level":"info","message":"POST /api/v1/user/password_reset","timestamp":"2024-09-21T21:09:57.834Z"}
{"level":"info","message":"POST /api/v1/user/password_reset","timestamp":"2024-09-21T21:09:58.928Z"}
{"level":"info","message":"POST /api/v1/user/password_reset","timestamp":"2024-09-21T21:09:59.475Z"}
{"level":"info","message":"POST /api/v1/user/password_reset","timestamp":"2024-09-21T21:09:59.975Z"}
{"level":"info","message":"POST /api/v1/user/password_reset","timestamp":"2024-09-21T21:10:00.400Z"}
{"level":"info","message":"POST /api/v1/user/password_reset","timestamp":"2024-09-21T21:10:01.918Z"}
{"level":"info","message":"POST /api/v1/user/password_reset","timestamp":"2024-09-21T21:10:02.860Z"}
{"level":"info","message":"POST /api/v1/user/password_reset","timestamp":"2024-09-21T21:10:04.191Z"}
{"level":"info","message":"POST /api/v1/user/password_reset","timestamp":"2024-09-21T21:10:04.612Z"}
{"level":"info","message":"POST /api/v1/user/password_reset","timestamp":"2024-09-21T21:10:19.238Z"}
{"level":"info","message":"POST /api/v1/user/password_reset","timestamp":"2024-09-21T21:10:20.137Z"}
{"level":"info","message":"POST /api/v1/user/signin","timestamp":"2024-09-21T21:10:30.371Z"}
{"level":"info","message":"POST /api/v1/user/signout","timestamp":"2024-09-21T21:10:38.581Z"}
{"level":"info","message":"POST /api/v1/user/signout","timestamp":"2024-09-21T21:10:39.191Z"}
{"level":"info","message":"POST /api/v1/user/signout","timestamp":"2024-09-21T21:10:51.020Z"}
{"level":"info","message":"POST /api/v1/user/signout","timestamp":"2024-09-21T21:10:51.745Z"}
{"level":"info","message":"POST /api/v1/user/signout","timestamp":"2024-09-21T21:11:05.796Z"}
{"level":"info","message":"POST /api/v1/user/signout","timestamp":"2024-09-21T21:12:13.306Z"}
{"level":"info","message":"POST /api/v1/user/signin","timestamp":"2024-09-21T21:12:15.815Z"}
{"level":"info","message":"POST /api/v1/user/signin","timestamp":"2024-09-21T21:13:50.410Z"}
{"level":"info","message":"POST /api/v1/user/signin","timestamp":"2024-09-21T21:14:32.120Z"}
{"level":"info","message":"POST /api/v1/user/password_reset","timestamp":"2024-09-21T21:14:43.886Z"}
{"level":"info","message":"POST /api/v1/user/signin","timestamp":"2024-09-21T21:15:56.242Z"}
{"level":"info","message":"POST /api/v1/user/signin","timestamp":"2024-09-21T21:16:50.611Z"}
{"level":"info","message":"POST /api/v1/user/signin","timestamp":"2024-09-21T21:17:16.513Z"}
{"level":"info","message":"POST /api/v1/user/signin","timestamp":"2024-09-21T21:17:25.412Z"}
{"level":"info","message":"POST /api/v1/user/signin","timestamp":"2024-09-21T21:17:36.719Z"}
{"level":"info","message":"POST /api/v1/user/signin","timestamp":"2024-09-21T21:17:47.305Z"}
{"level":"info","message":"POST /api/v1/user/signin","timestamp":"2024-09-21T21:18:29.943Z"}
{"level":"info","message":"POST /api/v1/user/password_reset","timestamp":"2024-09-21T21:18:36.354Z"}
{"level":"info","message":"POST /api/v1/user/password_reset","timestamp":"2024-09-21T21:19:32.679Z"}
{"level":"info","message":"POST /api/v1/user/signin","timestamp":"2024-09-21T21:19:42.622Z"}
{"level":"info","message":"POST /api/v1/user/password_reset","timestamp":"2024-09-21T21:19:52.878Z"}
{"level":"info","message":"POST /api/v1/user/password_reset","timestamp":"2024-09-21T21:20:08.674Z"}
{"level":"info","message":"POST /api/v1/user/password_reset","timestamp":"2024-09-21T21:22:10.274Z"}
{"level":"info","message":"POST /api/v1/user/signin","timestamp":"2024-09-21T21:22:15.748Z"}
{"level":"info","message":"POST /api/v1/user/signin","timestamp":"2024-09-21T21:25:58.509Z"}
{"level":"info","message":"POST /api/v1/user/signin","timestamp":"2024-09-21T21:27:17.153Z"}
{"level":"info","message":"POST /api/v1/user/signin","timestamp":"2024-09-21T21:27:24.143Z"}
{"level":"info","message":"POST /api/v1/user/signin","timestamp":"2024-09-21T21:28:31.660Z"}
{"level":"info","message":"POST /api/v1/user/signin","timestamp":"2024-09-21T21:28:52.299Z"}
{"level":"info","message":"POST /api/v1/user/signin","timestamp":"2024-09-21T21:29:11.370Z"}
{"level":"info","message":"POST /api/v1/user/signin","timestamp":"2024-09-21T21:32:25.486Z"}
{"level":"info","message":"POST /api/v1/user/signout","timestamp":"2024-09-21T21:32:31.927Z"}
{"level":"info","message":"POST /api/v1/user/signin","timestamp":"2024-09-21T21:33:11.381Z"}
{"level":"info","message":"POST /api/v1/user/password_reset","timestamp":"2024-09-21T21:33:20.322Z"}
{"level":"info","message":"POST /api/v1/user/signout","timestamp":"2024-09-21T21:34:02.920Z"}
{"level":"info","message":"POST /api/v1/user/signin","timestamp":"2024-09-21T21:34:56.659Z"}
{"level":"info","message":"POST /api/v1/user/signout","timestamp":"2024-09-21T21:35:30.804Z"}
{"level":"info","message":"POST /api/v1/user/signout","timestamp":"2024-09-21T21:36:02.140Z"}
{"level":"info","message":"POST /api/v1/user/signin","timestamp":"2024-09-21T21:37:53.172Z"}
{"level":"info","message":"POST /api/v1/user/signout","timestamp":"2024-09-21T21:37:59.199Z"}
{"level":"info","message":"POST /api/v1/user/signin","timestamp":"2024-09-21T21:39:17.399Z"}
{"level":"info","message":"POST /api/v1/user/signin","timestamp":"2024-09-21T21:39:49.074Z"}
{"level":"info","message":"POST /api/v1/user/signin","timestamp":"2024-09-21T21:41:38.917Z"}
{"level":"info","message":"POST /api/v1/user/signout","timestamp":"2024-09-21T21:42:34.899Z"}
{"level":"info","message":"POST /api/v1/user/signout","timestamp":"2024-09-21T21:42:35.581Z"}
{"level":"info","message":"POST /api/v1/user/signout","timestamp":"2024-09-21T21:42:36.777Z"}
{"level":"info","message":"POST /api/v1/user/signout","timestamp":"2024-09-21T21:42:37.362Z"}
{"level":"info","message":"POST /api/v1/user/signout","timestamp":"2024-09-21T21:42:37.862Z"}
{"level":"info","message":"POST /api/v1/user/signin","timestamp":"2024-09-21T21:45:29.137Z"}
{"level":"info","message":"POST /api/v1/user/signin","timestamp":"2024-09-21T21:46:10.862Z"}
{"level":"info","message":"POST /api/v1/user/signin","timestamp":"2024-09-21T21:47:00.626Z"}
{"level":"info","message":"POST /api/v1/user/signout","timestamp":"2024-09-21T21:47:27.523Z"}
{"level":"info","message":"POST /api/v1/user/signout","timestamp":"2024-09-21T21:47:54.598Z"}
{"level":"info","message":"POST /api/v1/user/signout","timestamp":"2024-09-21T21:47:55.289Z"}
{"level":"info","message":"POST /api/v1/user/signout","timestamp":"2024-09-21T21:47:55.771Z"}
{"level":"info","message":"POST /api/v1/user/signout","timestamp":"2024-09-21T21:47:57.569Z"}
{"level":"info","message":"POST /api/v1/user/signin","timestamp":"2024-09-21T21:50:23.062Z"}
{"level":"info","message":"POST /api/v1/user/signout","timestamp":"2024-09-21T21:50:26.419Z"}
{"level":"info","message":"POST /api/v1/user/signout","timestamp":"2024-09-21T21:50:27.707Z"}
{"level":"info","message":"POST /api/v1/user/signin","timestamp":"2024-09-21T21:50:30.921Z"}
{"level":"info","message":"POST /api/v1/user/signout","timestamp":"2024-09-21T21:51:04.185Z"}
{"level":"info","message":"POST /api/v1/user/signin","timestamp":"2024-09-21T21:51:38.396Z"}
{"level":"info","message":"POST /api/v1/user/signout","timestamp":"2024-09-21T21:51:40.761Z"}
{"level":"info","message":"POST /api/v1/user/signin","timestamp":"2024-09-21T22:00:36.581Z"}
{"level":"info","message":"POST /api/v1/user/signout","timestamp":"2024-09-21T22:00:40.126Z"}
{"level":"info","message":"POST /api/v1/user/signout","timestamp":"2024-09-21T22:00:41.153Z"}
{"level":"info","message":"POST /api/v1/user/signout","timestamp":"2024-09-21T22:00:41.727Z"}
{"level":"info","message":"POST /api/v1/user/signout","timestamp":"2024-09-21T22:00:42.084Z"}
{"level":"info","message":"POST /api/v1/user/signout","timestamp":"2024-09-21T22:00:42.459Z"}
{"level":"info","message":"POST /api/v1/user/signout","timestamp":"2024-09-21T22:00:43.102Z"}
{"level":"info","message":"POST /api/v1/user/signout","timestamp":"2024-09-21T22:00:43.566Z"}
{"level":"info","message":"POST /api/v1/user/signout","timestamp":"2024-09-21T22:00:43.967Z"}
{"level":"info","message":"POST /api/v1/user/signout","timestamp":"2024-09-21T22:00:44.275Z"}
{"level":"info","message":"POST /api/v1/user/signin","timestamp":"2024-09-21T22:01:37.560Z"}
{"level":"info","message":"POST /api/v1/user/signout","timestamp":"2024-09-21T22:02:15.275Z"}
{"level":"info","message":"POST /api/v1/user/signin","timestamp":"2024-09-21T22:02:22.217Z"}
{"level":"info","message":"POST /api/v1/user/signout","timestamp":"2024-09-21T22:02:25.213Z"}
{"level":"info","message":"POST /api/v1/user/signin","timestamp":"2024-09-21T22:09:33.675Z"}
{"level":"info","message":"POST /api/v1/user/password_reset","timestamp":"2024-09-21T22:09:39.139Z"}
{"level":"info","message":"POST /api/v1/user/password_reset","timestamp":"2024-09-21T22:11:36.397Z"}
{"level":"info","message":"POST /api/v1/user/signin","timestamp":"2024-09-21T22:13:09.258Z"}
{"level":"info","message":"POST /api/v1/user/password_reset","timestamp":"2024-09-21T22:13:15.035Z"}
{"level":"info","message":"POST /api/v1/user/password_reset","timestamp":"2024-09-21T22:13:22.378Z"}
{"level":"info","message":"POST /api/v1/user/password_reset","timestamp":"2024-09-21T22:13:23.247Z"}
{"level":"info","message":"POST /api/v1/user/password_reset","timestamp":"2024-09-21T22:13:23.969Z"}
{"level":"info","message":"POST /api/v1/user/password_reset","timestamp":"2024-09-21T22:13:31.005Z"}
{"level":"info","message":"POST /api/v1/user/password_reset","timestamp":"2024-09-21T22:13:31.939Z"}
{"level":"info","message":"POST /api/v1/user/password_reset","timestamp":"2024-09-21T22:13:33.373Z"}
{"level":"info","message":"POST /api/v1/user/password_reset","timestamp":"2024-09-21T22:13:33.761Z"}
{"level":"info","message":"POST /api/v1/user/password_reset","timestamp":"2024-09-21T22:13:41.312Z"}
{"level":"info","message":"POST /api/v1/user/password_reset","timestamp":"2024-09-21T22:13:42.167Z"}
{"level":"info","message":"POST /api/v1/user/password_reset","timestamp":"2024-09-21T22:13:43.651Z"}
{"level":"info","message":"POST /api/v1/user/password_reset","timestamp":"2024-09-21T22:13:44.920Z"}
{"level":"info","message":"POST /api/v1/user/password_reset","timestamp":"2024-09-21T22:14:15.458Z"}
{"level":"info","message":"POST /api/v1/user/signin","timestamp":"2024-09-21T22:25:40.059Z"}
{"level":"info","message":"POST /api/v1/user/signout","timestamp":"2024-09-21T22:25:46.981Z"}
{"level":"info","message":"POST /api/v1/user/signin","timestamp":"2024-09-21T22:27:40.512Z"}
{"level":"info","message":"POST /api/v1/user/signout","timestamp":"2024-09-21T22:27:47.706Z"}
{"level":"info","message":"POST /api/v1/user/signin","timestamp":"2024-09-21T22:28:44.022Z"}
{"level":"info","message":"POST /api/v1/user/signout","timestamp":"2024-09-21T22:28:49.830Z"}
{"level":"info","message":"POST /api/v1/user/signin","timestamp":"2024-09-21T22:30:58.236Z"}
{"level":"info","message":"POST /api/v1/user/signout","timestamp":"2024-09-21T22:31:03.215Z"}
{"level":"info","message":"POST /api/v1/user/signout","timestamp":"2024-09-21T22:31:22.707Z"}
{"level":"info","message":"POST /api/v1/user/signout","timestamp":"2024-09-21T22:31:23.613Z"}
{"level":"info","message":"POST /api/v1/user/signin","timestamp":"2024-09-21T22:31:28.981Z"}
{"level":"info","message":"POST /api/v1/user/signout","timestamp":"2024-09-21T22:31:31.428Z"}
{"level":"info","message":"POST /api/v1/user/signout","timestamp":"2024-09-21T22:31:40.854Z"}
{"level":"info","message":"POST /api/v1/user/signout","timestamp":"2024-09-21T22:31:41.817Z"}
{"level":"info","message":"POST /api/v1/user/signout","timestamp":"2024-09-21T22:31:43.003Z"}
{"level":"info","message":"POST /api/v1/user/signout","timestamp":"2024-09-21T22:31:43.452Z"}
{"level":"info","message":"POST /api/v1/user/signout","timestamp":"2024-09-21T22:31:44.348Z"}
{"level":"info","message":"POST /api/v1/user/signout","timestamp":"2024-09-21T22:31:44.738Z"}
{"level":"info","message":"POST /api/v1/user/signin","timestamp":"2024-09-21T22:32:17.644Z"}
{"level":"info","message":"POST /api/v1/user/signout","timestamp":"2024-09-21T22:32:22.551Z"}
{"level":"info","message":"POST /api/v1/user/signin","timestamp":"2024-09-21T22:33:14.213Z"}
{"level":"info","message":"POST /api/v1/user/signout","timestamp":"2024-09-21T22:33:16.156Z"}
{"level":"info","message":"POST /api/v1/user/signin","timestamp":"2024-09-21T22:33:31.598Z"}
{"level":"info","message":"POST /api/v1/user/signout","timestamp":"2024-09-21T22:33:47.272Z"}
{"level":"info","message":"POST /api/v1/user/signin","timestamp":"2024-09-21T22:34:25.227Z"}
{"level":"info","message":"POST /api/v1/user/password_reset","timestamp":"2024-09-21T22:34:31.402Z"}
{"level":"info","message":"POST /api/v1/user/password_reset","timestamp":"2024-09-21T22:34:37.988Z"}
{"level":"info","message":"POST /api/v1/user/password_reset","timestamp":"2024-09-21T22:34:38.655Z"}
{"level":"info","message":"POST /api/v1/user/signout","timestamp":"2024-09-21T22:34:40.245Z"}
{"level":"info","message":"POST /api/v1/user/signout","timestamp":"2024-09-21T22:34:41.396Z"}
{"level":"info","message":"POST /api/v1/user/signout","timestamp":"2024-09-21T22:34:41.964Z"}
{"level":"info","message":"POST /api/v1/user/signout","timestamp":"2024-09-21T22:34:42.328Z"}
{"level":"info","message":"POST /api/v1/user/signout","timestamp":"2024-09-21T22:34:42.685Z"}
{"level":"info","message":"POST /api/v1/user/signout","timestamp":"2024-09-21T22:34:42.999Z"}
{"level":"info","message":"POST /api/v1/user/signout","timestamp":"2024-09-21T22:34:44.078Z"}
{"level":"info","message":"POST /api/v1/user/signout","timestamp":"2024-09-21T22:34:44.435Z"}
{"level":"info","message":"POST /api/v1/user/signout","timestamp":"2024-09-21T22:34:44.855Z"}
{"level":"info","message":"POST /api/v1/user/signout","timestamp":"2024-09-21T22:34:54.467Z"}
{"level":"info","message":"POST /api/v1/user/signout","timestamp":"2024-09-21T22:34:55.317Z"}
{"level":"info","message":"POST /api/v1/user/signout","timestamp":"2024-09-21T22:34:55.827Z"}
{"level":"info","message":"POST /api/v1/user/signout","timestamp":"2024-09-21T22:34:56.189Z"}
{"level":"info","message":"POST /api/v1/user/signin","timestamp":"2024-09-21T22:34:58.049Z"}
{"level":"info","message":"POST /api/v1/user/signout","timestamp":"2024-09-21T22:34:59.979Z"}
{"level":"info","message":"POST /api/v1/user/signin","timestamp":"2024-09-21T22:35:17.251Z"}
{"level":"info","message":"POST /api/v1/user/signout","timestamp":"2024-09-21T22:35:20.618Z"}
{"level":"info","message":"POST /api/v1/user/signin","timestamp":"2024-09-21T22:35:53.541Z"}
{"level":"info","message":"POST /api/v1/user/signout","timestamp":"2024-09-21T22:35:55.657Z"}
{"level":"info","message":"POST /api/v1/user/signin","timestamp":"2024-09-21T22:36:06.529Z"}
{"level":"info","message":"POST /api/v1/user/signout","timestamp":"2024-09-21T22:36:09.837Z"}
{"level":"info","message":"POST /api/v1/user/signout","timestamp":"2024-09-21T22:39:16.913Z"}
{"level":"info","message":"POST /api/v1/user/signin","timestamp":"2024-09-21T22:39:21.532Z"}
{"level":"info","message":"POST /api/v1/user/signout","timestamp":"2024-09-21T22:39:26.479Z"}
{"level":"info","message":"POST /api/v1/user/signin","timestamp":"2024-09-21T22:40:06.523Z"}
{"level":"info","message":"POST /api/v1/user/signout","timestamp":"2024-09-21T22:40:09.436Z"}
{"level":"info","message":"POST /api/v1/user/signout","timestamp":"2024-09-21T22:40:13.376Z"}
{"level":"info","message":"POST /api/v1/user/signin","timestamp":"2024-09-21T22:42:08.879Z"}
{"level":"info","message":"POST /api/v1/user/signin","timestamp":"2024-09-21T22:48:02.301Z"}
{"level":"info","message":"POST /api/v1/user/signin","timestamp":"2024-09-21T22:48:52.980Z"}
{"level":"info","message":"POST /api/v1/user/signin","timestamp":"2024-09-21T22:49:07.032Z"}
{"level":"info","message":"POST /api/v1/user/signin","timestamp":"2024-09-21T22:49:08.615Z"}
{"level":"info","message":"POST /api/v1/user/signout","timestamp":"2024-09-21T22:49:12.791Z"}
{"level":"info","message":"POST /api/v1/user/signout","timestamp":"2024-09-21T22:49:13.654Z"}
{"level":"info","message":"POST /api/v1/user/signout","timestamp":"2024-09-21T22:49:14.360Z"}
{"level":"info","message":"POST /api/v1/user/signout","timestamp":"2024-09-21T22:49:15.006Z"}
{"level":"info","message":"POST /api/v1/user/signout","timestamp":"2024-09-21T22:49:15.654Z"}
{"level":"info","message":"POST /api/v1/user/signout","timestamp":"2024-09-21T22:49:16.316Z"}
{"level":"info","message":"POST /api/v1/user/signout","timestamp":"2024-09-21T22:49:16.899Z"}
{"level":"info","message":"POST /api/v1/user/signout","timestamp":"2024-09-21T22:49:17.424Z"}
{"level":"info","message":"POST /api/v1/user/signout","timestamp":"2024-09-21T22:49:17.884Z"}
{"level":"info","message":"POST /api/v1/user/signup","timestamp":"2024-09-21T22:49:28.407Z"}
{"level":"info","message":"POST /api/v1/user/signup","timestamp":"2024-09-21T22:49:30.246Z"}
{"level":"info","message":"POST /api/v1/user/signup","timestamp":"2024-09-21T22:49:30.887Z"}
{"level":"info","message":"POST /api/v1/user/password_reset","timestamp":"2024-09-21T22:49:37.541Z"}
{"level":"info","message":"POST /api/v1/user/password_reset","timestamp":"2024-09-21T22:49:38.371Z"}
{"level":"info","message":"POST /api/v1/user/signin","timestamp":"2024-09-21T22:49:45.024Z"}
{"level":"info","message":"POST /api/v1/user/signin","timestamp":"2024-09-21T22:49:50.379Z"}
{"level":"info","message":"POST /api/v1/user/signin","timestamp":"2024-09-21T22:50:13.417Z"}
{"level":"info","message":"POST /api/v1/user/signin","timestamp":"2024-09-21T22:50:14.374Z"}
{"level":"info","message":"POST /api/v1/user/signout","timestamp":"2024-09-21T22:50:18.354Z"}
{"level":"info","message":"POST /api/v1/user/signout","timestamp":"2024-09-21T22:50:26.292Z"}
{"level":"info","message":"POST /api/v1/user/signin","timestamp":"2024-09-21T22:51:02.254Z"}
{"level":"info","message":"POST /api/v1/user/signout","timestamp":"2024-09-21T22:51:05.758Z"}
{"level":"info","message":"POST /api/v1/user/signin","timestamp":"2024-09-21T22:51:31.155Z"}
{"level":"info","message":"POST /api/v1/user/signout","timestamp":"2024-09-21T22:51:33.985Z"}
{"level":"info","message":"POST /api/v1/user/signin","timestamp":"2024-09-21T22:51:39.196Z"}
{"level":"info","message":"POST /api/v1/user/password_reset","timestamp":"2024-09-21T22:51:41.143Z"}
{"level":"info","message":"POST /api/v1/user/signin","timestamp":"2024-09-21T22:52:45.857Z"}
{"level":"info","message":"POST /api/v1/user/signin","timestamp":"2024-09-21T22:52:47.851Z"}
{"level":"info","message":"POST /api/v1/user/signin","timestamp":"2024-09-21T22:52:48.915Z"}
{"level":"info","message":"POST /api/v1/user/signin","timestamp":"2024-09-21T22:53:27.637Z"}
{"level":"info","message":"POST /api/v1/user/signin","timestamp":"2024-09-21T22:54:16.885Z"}
{"level":"info","message":"POST /api/v1/user/signin","timestamp":"2024-09-21T22:54:19.947Z"}
{"level":"info","message":"POST /api/v1/user/password_reset","timestamp":"2024-09-21T22:55:01.871Z"}
{"level":"info","message":"POST /api/v1/user/signin","timestamp":"2024-09-21T22:55:05.482Z"}
{"level":"info","message":"POST /api/v1/user/password_reset","timestamp":"2024-09-21T22:55:07.325Z"}
{"level":"info","message":"POST /api/v1/user/password_reset","timestamp":"2024-09-21T22:55:08.172Z"}
{"level":"info","message":"POST /api/v1/user/password_reset","timestamp":"2024-09-21T22:55:08.836Z"}
{"level":"info","message":"POST /api/v1/user/password_reset","timestamp":"2024-09-21T22:55:09.379Z"}
{"level":"info","message":"POST /api/v1/user/password_reset","timestamp":"2024-09-21T22:55:09.898Z"}
{"level":"info","message":"POST /api/v1/user/signin","timestamp":"2024-09-21T22:57:16.747Z"}
{"level":"info","message":"POST /api/v1/user/signin","timestamp":"2024-09-21T22:57:31.410Z"}
{"level":"info","message":"POST /api/v1/user/signin","timestamp":"2024-09-21T22:58:08.874Z"}
{"level":"info","message":"POST /api/v1/user/signin","timestamp":"2024-09-21T22:58:42.292Z"}
{"level":"info","message":"POST /api/v1/user/signin","timestamp":"2024-09-21T23:03:41.523Z"}
{"level":"info","message":"POST /api/v1/user/signout","timestamp":"2024-09-21T23:03:44.179Z"}
{"level":"info","message":"POST /api/v1/user/signout","timestamp":"2024-09-21T23:03:48.462Z"}
{"level":"info","message":"POST /api/v1/user/signout","timestamp":"2024-09-21T23:03:49.159Z"}
{"level":"info","message":"POST /api/v1/user/signout","timestamp":"2024-09-21T23:03:49.643Z"}
{"level":"info","message":"POST /api/v1/user/signout","timestamp":"2024-09-21T23:03:50.094Z"}
{"level":"info","message":"POST /api/v1/user/signout","timestamp":"2024-09-21T23:03:50.528Z"}
{"level":"info","message":"POST /api/v1/user/signin","timestamp":"2024-09-21T23:03:52.463Z"}
{"level":"info","message":"POST /api/v1/user/signout","timestamp":"2024-09-21T23:03:55.403Z"}
{"level":"info","message":"POST /api/v1/user/signout","timestamp":"2024-09-21T23:03:57.658Z"}
{"level":"info","message":"POST /api/v1/user/signout","timestamp":"2024-09-21T23:03:58.316Z"}
{"level":"info","message":"POST /api/v1/user/signout","timestamp":"2024-09-21T23:03:59.099Z"}
{"level":"info","message":"POST /api/v1/user/signout","timestamp":"2024-09-21T23:03:59.777Z"}
{"level":"info","message":"POST /api/v1/user/signout","timestamp":"2024-09-21T23:04:00.265Z"}
{"level":"info","message":"POST /api/v1/user/signout","timestamp":"2024-09-21T23:04:00.825Z"}
{"level":"info","message":"POST /api/v1/user/signin","timestamp":"2024-09-21T23:04:08.813Z"}
{"level":"info","message":"POST /api/v1/user/signout","timestamp":"2024-09-21T23:04:10.745Z"}
{"level":"info","message":"POST /api/v1/user/signin","timestamp":"2024-09-21T23:05:54.222Z"}
{"level":"info","message":"POST /api/v1/user/signin","timestamp":"2024-09-21T23:06:59.088Z"}
{"level":"info","message":"POST /api/v1/user/signout","timestamp":"2024-09-21T23:07:05.766Z"}
{"level":"info","message":"POST /api/v1/user/signout","timestamp":"2024-09-21T23:08:17.171Z"}
{"level":"info","message":"POST /api/v1/user/signin","timestamp":"2024-09-21T23:08:22.502Z"}
{"level":"info","message":"POST /api/v1/user/signout","timestamp":"2024-09-21T23:08:28.588Z"}
{"level":"info","message":"POST /api/v1/user/signin","timestamp":"2024-09-21T23:10:13.214Z"}
{"level":"info","message":"POST /api/v1/user/signout","timestamp":"2024-09-21T23:10:16.026Z"}
{"level":"info","message":"POST /api/v1/user/signout","timestamp":"2024-09-21T23:10:16.986Z"}
{"level":"info","message":"POST /api/v1/user/signin","timestamp":"2024-09-21T23:11:08.716Z"}
{"level":"info","message":"POST /api/v1/user/signout","timestamp":"2024-09-21T23:11:11.161Z"}
{"level":"info","message":"POST /api/v1/user/signout","timestamp":"2024-09-21T23:11:12.093Z"}
{"level":"info","message":"POST /api/v1/user/signout","timestamp":"2024-09-21T23:11:12.585Z"}
{"level":"info","message":"POST /api/v1/user/signout","timestamp":"2024-09-21T23:11:13.051Z"}
{"level":"info","message":"POST /api/v1/user/signout","timestamp":"2024-09-21T23:11:13.456Z"}
{"level":"info","message":"POST /api/v1/user/signout","timestamp":"2024-09-21T23:11:13.831Z"}
{"level":"info","message":"POST /api/v1/user/signin","timestamp":"2024-09-21T23:11:50.810Z"}
{"level":"info","message":"POST /api/v1/user/signout","timestamp":"2024-09-21T23:11:53.127Z"}
{"level":"info","message":"POST /api/v1/user/signout","timestamp":"2024-09-21T23:11:53.969Z"}
{"level":"info","message":"POST /api/v1/user/signout","timestamp":"2024-09-21T23:11:54.412Z"}
{"level":"info","message":"POST /api/v1/user/signout","timestamp":"2024-09-21T23:11:54.859Z"}
{"level":"info","message":"POST /api/v1/user/signout","timestamp":"2024-09-21T23:11:55.246Z"}
{"level":"info","message":"POST /api/v1/user/signout","timestamp":"2024-09-21T23:11:55.710Z"}
{"level":"info","message":"POST /api/v1/user/signout","timestamp":"2024-09-21T23:11:56.129Z"}
{"level":"info","message":"POST /api/v1/user/signin","timestamp":"2024-09-21T23:12:07.471Z"}
{"level":"info","message":"POST /api/v1/user/signout","timestamp":"2024-09-21T23:12:09.785Z"}
{"level":"info","message":"POST /api/v1/user/signout","timestamp":"2024-09-21T23:12:13.199Z"}
{"level":"info","message":"POST /api/v1/user/signout","timestamp":"2024-09-21T23:12:14.385Z"}
{"level":"info","message":"POST /api/v1/user/signin","timestamp":"2024-09-21T23:12:16.297Z"}
{"level":"info","message":"POST /api/v1/user/signout","timestamp":"2024-09-21T23:12:18.554Z"}
{"level":"info","message":"POST /api/v1/user/signin","timestamp":"2024-09-21T23:13:32.339Z"}
{"level":"info","message":"POST /api/v1/user/signout","timestamp":"2024-09-21T23:13:34.968Z"}
{"level":"info","message":"POST /api/v1/user/signin","timestamp":"2024-09-21T23:14:22.489Z"}
{"level":"info","message":"POST /api/v1/user/signin","timestamp":"2024-09-21T23:14:24.670Z"}
{"level":"info","message":"POST /api/v1/user/signin","timestamp":"2024-09-21T23:14:58.087Z"}
{"level":"info","message":"POST /api/v1/user/signin","timestamp":"2024-09-21T23:14:59.281Z"}
{"level":"info","message":"POST /api/v1/user/signin","timestamp":"2024-09-21T23:15:54.436Z"}
{"level":"info","message":"POST /api/v1/user/signin","timestamp":"2024-09-21T23:15:55.497Z"}
{"level":"info","message":"POST /api/v1/user/signin","timestamp":"2024-09-21T23:15:56.409Z"}
{"level":"info","message":"POST /api/v1/user/signin","timestamp":"2024-09-21T23:15:57.215Z"}
{"level":"info","message":"POST /api/v1/user/signin","timestamp":"2024-09-21T23:15:57.876Z"}
{"level":"info","message":"POST /api/v1/user/signin","timestamp":"2024-09-21T23:15:58.543Z"}
{"level":"info","message":"POST /api/v1/user/signin","timestamp":"2024-09-21T23:15:59.208Z"}
{"level":"info","message":"POST /api/v1/user/signin","timestamp":"2024-09-21T23:15:59.885Z"}
{"level":"info","message":"POST /api/v1/user/signin","timestamp":"2024-09-21T23:16:09.461Z"}
{"level":"info","message":"POST /api/v1/user/signin","timestamp":"2024-09-21T23:17:50.137Z"}
{"level":"info","message":"POST /api/v1/user/signout","timestamp":"2024-09-21T23:17:55.028Z"}
{"level":"info","message":"POST /api/v1/user/signout","timestamp":"2024-09-21T23:17:56.566Z"}
{"level":"info","message":"POST /api/v1/user/signin","timestamp":"2024-09-21T23:17:58.843Z"}
{"level":"info","message":"POST /api/v1/user/signout","timestamp":"2024-09-21T23:18:00.884Z"}
{"level":"info","message":"POST /api/v1/user/signin","timestamp":"2024-09-21T23:20:55.266Z"}
{"level":"info","message":"POST /api/v1/user/signout","timestamp":"2024-09-21T23:20:58.942Z"}
{"level":"info","message":"POST /api/v1/user/signout","timestamp":"2024-09-21T23:21:00.268Z"}
{"level":"info","message":"POST /api/v1/user/signout","timestamp":"2024-09-21T23:21:01.141Z"}
{"level":"info","message":"POST /api/v1/user/signout","timestamp":"2024-09-21T23:21:01.709Z"}
{"level":"info","message":"POST /api/v1/user/signin","timestamp":"2024-09-21T23:22:18.986Z"}
{"level":"info","message":"POST /api/v1/user/signout","timestamp":"2024-09-21T23:22:21.570Z"}
{"level":"info","message":"POST /api/v1/user/signout","timestamp":"2024-09-21T23:22:38.067Z"}
{"level":"info","message":"POST /api/v1/user/signin","timestamp":"2024-09-21T23:22:40.036Z"}
{"level":"info","message":"POST /api/v1/user/signout","timestamp":"2024-09-21T23:22:41.839Z"}
{"level":"info","message":"POST /api/v1/user/signout","timestamp":"2024-09-21T23:22:42.577Z"}
{"level":"info","message":"POST /api/v1/user/signout","timestamp":"2024-09-21T23:22:43.082Z"}
{"level":"info","message":"POST /api/v1/user/signout","timestamp":"2024-09-21T23:22:43.491Z"}
{"level":"info","message":"POST /api/v1/user/signout","timestamp":"2024-09-21T23:22:43.924Z"}
{"level":"info","message":"POST /api/v1/user/signout","timestamp":"2024-09-21T23:22:44.380Z"}
{"level":"info","message":"POST /api/v1/user/signout","timestamp":"2024-09-21T23:22:45.297Z"}
{"level":"info","message":"POST /api/v1/user/signout","timestamp":"2024-09-21T23:22:45.809Z"}
{"level":"info","message":"POST /api/v1/user/signout","timestamp":"2024-09-21T23:22:46.420Z"}
{"level":"info","message":"POST /api/v1/user/signout","timestamp":"2024-09-21T23:22:46.914Z"}
{"level":"info","message":"POST /api/v1/user/signout","timestamp":"2024-09-21T23:22:47.409Z"}
{"level":"info","message":"POST /api/v1/user/signout","timestamp":"2024-09-21T23:22:47.934Z"}
{"level":"info","message":"POST /api/v1/user/signout","timestamp":"2024-09-21T23:22:48.528Z"}
{"level":"info","message":"POST /api/v1/user/signout","timestamp":"2024-09-21T23:22:49.308Z"}
{"level":"info","message":"POST /api/v1/user/signout","timestamp":"2024-09-21T23:22:49.957Z"}
{"level":"info","message":"POST /api/v1/user/signout","timestamp":"2024-09-21T23:22:50.633Z"}
{"level":"info","message":"POST /api/v1/user/signout","timestamp":"2024-09-21T23:22:51.107Z"}
{"level":"info","message":"POST /api/v1/user/signout","timestamp":"2024-09-21T23:22:51.835Z"}
{"level":"info","message":"POST /api/v1/user/signout","timestamp":"2024-09-21T23:22:52.329Z"}
{"level":"info","message":"POST /api/v1/user/signout","timestamp":"2024-09-21T23:22:52.687Z"}
{"level":"info","message":"POST /api/v1/user/signout","timestamp":"2024-09-21T23:22:53.209Z"}
{"level":"info","message":"POST /api/v1/user/signin","timestamp":"2024-09-21T23:24:27.216Z"}
{"level":"info","message":"POST /api/v1/user/signout","timestamp":"2024-09-21T23:24:30.023Z"}
{"level":"info","message":"POST /api/v1/user/password_reset","timestamp":"2024-09-21T23:24:33.895Z"}
{"level":"info","message":"POST /api/v1/user/signin","timestamp":"2024-09-21T23:24:36.440Z"}
{"level":"info","message":"POST /api/v1/user/password_reset","timestamp":"2024-09-21T23:24:38.909Z"}
{"level":"info","message":"POST /api/v1/user/signout","timestamp":"2024-09-21T23:24:49.767Z"}
{"level":"info","message":"POST /api/v1/user/signin","timestamp":"2024-09-21T23:25:01.887Z"}
{"level":"info","message":"POST /api/v1/user/signout","timestamp":"2024-09-21T23:25:04.917Z"}
{"level":"info","message":"POST /api/v1/user/signin","timestamp":"2024-09-21T23:25:14.682Z"}
{"level":"info","message":"POST /api/v1/user/password_reset","timestamp":"2024-09-21T23:25:17.466Z"}
{"level":"info","message":"POST /api/v1/user/password_reset","timestamp":"2024-09-21T23:25:23.547Z"}
{"level":"info","message":"POST /api/v1/user/password_reset","timestamp":"2024-09-21T23:25:24.804Z"}
{"level":"info","message":"POST /api/v1/user/password_reset","timestamp":"2024-09-21T23:25:25.458Z"}
{"level":"info","message":"POST /api/v1/user/password_reset","timestamp":"2024-09-21T23:25:26.267Z"}
{"level":"info","message":"POST /api/v1/user/password_reset","timestamp":"2024-09-21T23:25:26.740Z"}
{"level":"info","message":"POST /api/v1/user/password_reset","timestamp":"2024-09-21T23:25:27.289Z"}
{"level":"info","message":"POST /api/v1/user/signin","timestamp":"2024-09-21T23:25:44.696Z"}
{"level":"info","message":"POST /api/v1/user/signin","timestamp":"2024-09-21T23:25:46.640Z"}
{"level":"info","message":"POST /api/v1/user/signin","timestamp":"2024-09-21T23:25:47.630Z"}
{"level":"info","message":"POST /api/v1/user/password_reset","timestamp":"2024-09-21T23:26:09.283Z"}
{"level":"info","message":"POST /api/v1/user/password_reset","timestamp":"2024-09-21T23:26:10.267Z"}
{"level":"info","message":"POST /api/v1/user/password_reset","timestamp":"2024-09-21T23:26:10.917Z"}
{"level":"info","message":"POST /api/v1/user/password_reset","timestamp":"2024-09-21T23:26:11.373Z"}
{"level":"info","message":"POST /api/v1/user/signin","timestamp":"2024-09-21T23:26:13.507Z"}
{"level":"info","message":"POST /api/v1/user/signin","timestamp":"2024-09-21T23:26:15.190Z"}
{"level":"info","message":"POST /api/v1/user/signin","timestamp":"2024-09-21T23:26:16.873Z"}
{"level":"info","message":"POST /api/v1/user/signin","timestamp":"2024-09-21T23:26:17.708Z"}
{"level":"info","message":"POST /api/v1/user/signin","timestamp":"2024-09-21T23:26:27.239Z"}
{"level":"info","message":"POST /api/v1/user/password_reset","timestamp":"2024-09-21T23:26:31.586Z"}
{"level":"info","message":"POST /api/v1/user/password_reset","timestamp":"2024-09-21T23:26:33.156Z"}
{"level":"info","message":"POST /api/v1/user/signin","timestamp":"2024-09-21T23:27:26.426Z"}
{"level":"info","message":"POST /api/v1/user/password_reset","timestamp":"2024-09-21T23:27:30.371Z"}
{"level":"info","message":"POST /api/v1/user/password_reset","timestamp":"2024-09-21T23:27:37.000Z"}
{"level":"info","message":"POST /api/v1/user/password_reset","timestamp":"2024-09-21T23:27:37.679Z"}
{"level":"info","message":"POST /api/v1/user/password_reset","timestamp":"2024-09-21T23:27:38.127Z"}
{"level":"info","message":"POST /api/v1/user/password_reset","timestamp":"2024-09-21T23:27:38.551Z"}
{"level":"info","message":"POST /api/v1/user/signin","timestamp":"2024-09-21T23:28:13.937Z"}
{"level":"info","message":"POST /api/v1/user/password_reset","timestamp":"2024-09-21T23:28:30.291Z"}
{"level":"info","message":"POST /api/v1/user/password_reset","timestamp":"2024-09-21T23:28:31.357Z"}
{"level":"info","message":"POST /api/v1/user/password_reset","timestamp":"2024-09-21T23:28:31.864Z"}
{"level":"info","message":"POST /api/v1/user/password_reset","timestamp":"2024-09-21T23:28:32.227Z"}
{"level":"info","message":"POST /api/v1/user/password_reset","timestamp":"2024-09-21T23:28:32.633Z"}
{"level":"info","message":"POST /api/v1/user/signout","timestamp":"2024-09-21T23:28:34.551Z"}
{"level":"info","message":"POST /api/v1/user/signout","timestamp":"2024-09-21T23:28:35.850Z"}
{"level":"info","message":"POST /api/v1/user/signin","timestamp":"2024-09-21T23:28:37.851Z"}
{"level":"info","message":"POST /api/v1/user/signout","timestamp":"2024-09-21T23:28:43.153Z"}
{"level":"info","message":"POST /api/v1/user/signin","timestamp":"2024-09-21T23:29:03.673Z"}
{"level":"info","message":"POST /api/v1/user/signin","timestamp":"2024-09-21T23:29:36.292Z"}
{"level":"info","message":"POST /api/v1/user/signin","timestamp":"2024-09-21T23:29:37.505Z"}
{"level":"info","message":"POST /api/v1/user/signin","timestamp":"2024-09-21T23:29:38.393Z"}
{"level":"info","message":"POST /api/v1/user/signin","timestamp":"2024-09-21T23:31:25.376Z"}
{"level":"info","message":"POST /api/v1/user/password_reset","timestamp":"2024-09-21T23:31:29.804Z"}
{"level":"info","message":"POST /api/v1/user/password_reset","timestamp":"2024-09-21T23:31:31.669Z"}
{"level":"info","message":"POST /api/v1/user/password_reset","timestamp":"2024-09-21T23:31:32.638Z"}
{"level":"info","message":"POST /api/v1/user/password_reset","timestamp":"2024-09-21T23:31:33.505Z"}
{"level":"info","message":"POST /api/v1/user/signin","timestamp":"2024-09-21T23:32:18.031Z"}
{"level":"info","message":"POST /api/v1/user/password_reset","timestamp":"2024-09-21T23:32:22.645Z"}
{"level":"info","message":"POST /api/v1/user/password_reset","timestamp":"2024-09-21T23:32:23.518Z"}
{"level":"info","message":"POST /api/v1/user/password_reset","timestamp":"2024-09-21T23:32:24.089Z"}
{"level":"info","message":"POST /api/v1/user/password_reset","timestamp":"2024-09-21T23:32:24.505Z"}
{"level":"info","message":"POST /api/v1/user/password_reset","timestamp":"2024-09-21T23:32:25.534Z"}
{"level":"info","message":"POST /api/v1/user/signin","timestamp":"2024-09-21T23:33:40.380Z"}
{"level":"info","message":"POST /api/v1/user/password_reset","timestamp":"2024-09-21T23:33:42.740Z"}
{"level":"info","message":"POST /api/v1/user/password_reset","timestamp":"2024-09-21T23:33:43.471Z"}
{"level":"info","message":"POST /api/v1/user/password_reset","timestamp":"2024-09-21T23:33:44.151Z"}
{"level":"info","message":"POST /api/v1/user/password_reset","timestamp":"2024-09-21T23:33:44.911Z"}
{"level":"info","message":"POST /api/v1/user/password_reset","timestamp":"2024-09-21T23:33:45.358Z"}
{"level":"info","message":"POST /api/v1/user/password_reset","timestamp":"2024-09-21T23:33:45.783Z"}
{"level":"info","message":"POST /api/v1/user/password_reset","timestamp":"2024-09-21T23:33:46.087Z"}
{"level":"info","message":"POST /api/v1/user/signout","timestamp":"2024-09-21T23:33:47.435Z"}
{"level":"info","message":"POST /api/v1/user/signout","timestamp":"2024-09-21T23:33:47.964Z"}
{"level":"info","message":"POST /api/v1/user/signout","timestamp":"2024-09-21T23:33:48.371Z"}
{"level":"info","message":"POST /api/v1/user/signin","timestamp":"2024-09-21T23:35:11.404Z"}
{"level":"info","message":"POST /api/v1/user/signout","timestamp":"2024-09-21T23:35:13.508Z"}
{"level":"info","message":"POST /api/v1/user/signout","timestamp":"2024-09-21T23:35:14.223Z"}
{"level":"info","message":"POST /api/v1/user/signout","timestamp":"2024-09-21T23:35:14.721Z"}
{"level":"info","message":"POST /api/v1/user/signout","timestamp":"2024-09-21T23:35:15.172Z"}
{"level":"info","message":"POST /api/v1/user/signout","timestamp":"2024-09-21T23:35:15.577Z"}
{"level":"info","message":"POST /api/v1/user/signout","timestamp":"2024-09-21T23:35:15.975Z"}
{"level":"info","message":"POST /api/v1/user/signout","timestamp":"2024-09-21T23:35:16.332Z"}
{"level":"info","message":"POST /api/v1/user/signout","timestamp":"2024-09-21T23:35:16.643Z"}
{"level":"info","message":"POST /api/v1/user/signout","timestamp":"2024-09-21T23:35:16.958Z"}
{"level":"info","message":"POST /api/v1/user/signout","timestamp":"2024-09-21T23:35:17.278Z"}
{"level":"info","message":"POST /api/v1/user/signin","timestamp":"2024-09-21T23:36:36.596Z"}
{"level":"info","message":"POST /api/v1/user/password_reset","timestamp":"2024-09-21T23:36:43.680Z"}
{"level":"info","message":"POST /api/v1/user/signin","timestamp":"2024-09-21T23:38:38.197Z"}
{"level":"info","message":"POST /api/v1/user/password_reset","timestamp":"2024-09-21T23:38:45.949Z"}
{"level":"info","message":"POST /api/v1/user/password_reset","timestamp":"2024-09-21T23:39:39.528Z"}
{"level":"info","message":"POST /api/v1/user/signin","timestamp":"2024-09-21T23:39:57.439Z"}
{"level":"info","message":"POST /api/v1/user/signout","timestamp":"2024-09-21T23:39:59.279Z"}
{"level":"info","message":"POST /api/v1/user/signin","timestamp":"2024-09-21T23:40:25.727Z"}
{"level":"info","message":"POST /api/v1/user/signin","timestamp":"2024-09-21T23:43:34.289Z"}
{"level":"info","message":"POST /api/v1/user/password_reset","timestamp":"2024-09-21T23:43:43.389Z"}
{"level":"info","message":"POST /api/v1/user/password_reset","timestamp":"2024-09-21T23:43:44.468Z"}
{"level":"info","message":"POST /api/v1/user/password_reset","timestamp":"2024-09-21T23:43:45.161Z"}
{"level":"info","message":"POST /api/v1/user/password_reset","timestamp":"2024-09-21T23:43:45.832Z"}
{"level":"info","message":"POST /api/v1/user/password_reset","timestamp":"2024-09-21T23:43:46.449Z"}
{"level":"info","message":"POST /api/v1/user/password_reset","timestamp":"2024-09-21T23:43:46.939Z"}
{"level":"info","message":"POST /api/v1/user/password_reset","timestamp":"2024-09-21T23:43:47.395Z"}
{"level":"info","message":"POST /api/v1/user/password_reset","timestamp":"2024-09-21T23:43:47.837Z"}
{"level":"info","message":"POST /api/v1/user/password_reset","timestamp":"2024-09-21T23:43:48.248Z"}
{"level":"info","message":"POST /api/v1/user/password_reset","timestamp":"2024-09-21T23:43:48.699Z"}
{"level":"info","message":"POST /api/v1/user/signin","timestamp":"2024-09-21T23:44:24.853Z"}
{"level":"info","message":"POST /api/v1/user/password_reset","timestamp":"2024-09-21T23:44:28.491Z"}
{"level":"info","message":"POST /api/v1/user/password_reset","timestamp":"2024-09-21T23:44:29.376Z"}
{"level":"info","message":"POST /api/v1/user/password_reset","timestamp":"2024-09-21T23:44:29.890Z"}
{"level":"info","message":"POST /api/v1/user/password_reset","timestamp":"2024-09-21T23:44:30.652Z"}
{"level":"info","message":"POST /api/v1/user/password_reset","timestamp":"2024-09-21T23:44:31.059Z"}
{"level":"info","message":"POST /api/v1/user/signin","timestamp":"2024-09-21T23:46:31.502Z"}
{"level":"info","message":"POST /api/v1/user/signin","timestamp":"2024-09-21T23:47:02.024Z"}
{"level":"info","message":"POST /api/v1/user/signin","timestamp":"2024-09-21T23:47:19.902Z"}
{"level":"info","message":"POST /api/v1/user/signin","timestamp":"2024-09-21T23:47:35.919Z"}
{"level":"info","message":"POST /api/v1/user/signin","timestamp":"2024-09-21T23:47:38.501Z"}
{"level":"info","message":"POST /api/v1/user/signin","timestamp":"2024-09-21T23:47:39.419Z"}
{"level":"info","message":"POST /api/v1/user/signin","timestamp":"2024-09-21T23:47:40.424Z"}
{"level":"info","message":"POST /api/v1/user/signin","timestamp":"2024-09-21T23:50:26.538Z"}
{"level":"info","message":"POST /api/v1/user/signin","timestamp":"2024-09-21T23:50:28.280Z"}
{"level":"info","message":"POST /api/v1/user/signin","timestamp":"2024-09-21T23:50:29.964Z"}
{"level":"info","message":"POST /api/v1/user/signin","timestamp":"2024-09-21T23:50:59.617Z"}
{"level":"info","message":"POST /api/v1/user/password_reset","timestamp":"2024-09-21T23:51:03.742Z"}
{"level":"info","message":"POST /api/v1/user/signin","timestamp":"2024-09-21T23:51:15.775Z"}
{"level":"info","message":"POST /api/v1/user/password_reset","timestamp":"2024-09-21T23:51:18.806Z"}
{"level":"info","message":"POST /api/v1/user/password_reset","timestamp":"2024-09-21T23:53:20.845Z"}
{"level":"info","message":"POST /api/v1/user/password_reset","timestamp":"2024-09-21T23:53:31.461Z"}
{"level":"info","message":"POST /api/v1/user/signin","timestamp":"2024-09-21T23:54:56.600Z"}
{"level":"info","message":"POST /api/v1/user/signin","timestamp":"2024-09-21T23:55:50.678Z"}
{"level":"info","message":"POST /api/v1/user/signin","timestamp":"2024-09-21T23:55:52.795Z"}
{"level":"info","message":"POST /api/v1/user/signin","timestamp":"2024-09-21T23:56:04.992Z"}
{"level":"info","message":"POST /api/v1/user/password_reset","timestamp":"2024-09-21T23:56:13.634Z"}
{"level":"info","message":"POST /api/v1/user/password_reset","timestamp":"2024-09-21T23:56:18.879Z"}
{"level":"info","message":"POST /api/v1/user/password_reset","timestamp":"2024-09-22T00:02:50.921Z"}
{"level":"info","message":"POST /api/v1/user/signin","timestamp":"2024-09-22T00:06:18.031Z"}
{"level":"info","message":"POST /api/v1/user/password_reset","timestamp":"2024-09-22T00:06:20.656Z"}
{"level":"info","message":"POST /api/v1/user/signin","timestamp":"2024-09-22T00:06:38.858Z"}
{"level":"info","message":"POST /api/v1/user/show_info","timestamp":"2024-09-22T00:07:20.449Z"}
{"level":"info","message":"PATCH /api/v1/user/update","timestamp":"2024-09-22T00:07:55.790Z"}
{"level":"info","message":"PATCH /api/v1/user/update","timestamp":"2024-09-22T00:09:26.408Z"}
{"level":"info","message":"PATCH /api/v1/user/update","timestamp":"2024-09-22T00:10:39.637Z"}
{"level":"info","message":"PATCH /api/v1/user/update","timestamp":"2024-09-22T00:19:34.485Z"}
{"level":"info","message":"PATCH /api/v1/user/update","timestamp":"2024-09-22T00:21:51.082Z"}
{"level":"info","message":"POST /api/v1/user/signin","timestamp":"2024-09-22T00:21:54.764Z"}
{"level":"info","message":"POST /api/v1/user/signin","timestamp":"2024-09-22T00:22:03.429Z"}
{"level":"info","message":"POST /api/v1/user/signin","timestamp":"2024-09-22T00:22:04.269Z"}
{"level":"info","message":"POST /api/v1/user/signin","timestamp":"2024-09-22T00:22:04.856Z"}
{"level":"info","message":"POST /api/v1/user/signin","timestamp":"2024-09-22T00:22:14.489Z"}
{"level":"info","message":"PATCH /api/v1/user/update","timestamp":"2024-09-22T00:22:23.118Z"}
{"level":"info","message":"PATCH /api/v1/user/update","timestamp":"2024-09-22T00:22:52.131Z"}
{"level":"info","message":"PATCH /api/v1/user/update","timestamp":"2024-09-22T00:23:02.783Z"}
{"level":"info","message":"POST /api/v1/product","timestamp":"2024-09-22T00:33:07.727Z"}
{"level":"info","message":"POST /api/v1/user/signin","timestamp":"2024-09-22T00:33:11.651Z"}
{"level":"info","message":"POST /api/v1/user/signin","timestamp":"2024-09-22T00:33:31.986Z"}
{"level":"info","message":"POST /api/v1/product","timestamp":"2024-09-22T00:33:41.164Z"}
{"level":"info","message":"POST /api/v1/product","timestamp":"2024-09-22T00:33:48.993Z"}
{"level":"info","message":"POST /api/v1/user/signin","timestamp":"2024-09-22T00:45:27.325Z"}
{"level":"info","message":"POST /api/v1/product","timestamp":"2024-09-22T00:45:34.171Z"}
{"level":"info","message":"GET /favicon.ico","timestamp":"2024-09-22T00:45:41.550Z"}
{"level":"info","message":"PATCH /api/v1/user/update","timestamp":"2024-09-22T00:46:35.699Z"}
{"level":"info","message":"PATCH /api/v1/user/update","timestamp":"2024-09-22T00:51:55.948Z"}
{"level":"info","message":"PATCH /api/v1/user/update","timestamp":"2024-09-22T00:55:54.560Z"}
{"level":"info","message":"GET /favicon.ico","timestamp":"2024-09-22T00:56:14.242Z"}
{"level":"info","message":"POST /api/v1/user/signout","timestamp":"2024-09-22T00:56:27.022Z"}
{"level":"info","message":"POST /api/v1/product","timestamp":"2024-09-22T00:56:32.372Z"}
{"level":"info","message":"POST /api/v1/user/signin","timestamp":"2024-09-22T00:56:36.070Z"}
{"level":"info","message":"POST /api/v1/product","timestamp":"2024-09-22T00:56:39.221Z"}
{"level":"info","message":"POST /api/v1/user/password_reset","timestamp":"2024-09-22T00:56:56.504Z"}
{"level":"info","message":"PATCH /api/v1/user/password_reset/:42e4bdb3adbbf8299d4b9125787c3f2ffa13ec1dd601277aaabec7271288f6ee","timestamp":"2024-09-22T00:57:21.681Z"}
{"level":"info","message":"PATCH /api/v1/user/password_reset/:9aaf2903e15b5e7b40aab6c792de32d463dbdb58bfc8c45fe509ba9b54c0250b","timestamp":"2024-09-22T00:58:02.148Z"}
{"level":"info","message":"PATCH /api/v1/user/password_reset/:9aaf2903e15b5e7b40aab6c792de32d463dbdb58bfc8c45fe509ba9b54c0250b","timestamp":"2024-09-22T00:58:03.043Z"}
{"level":"info","message":"PATCH /api/v1/user/password_reset/:9aaf2903e15b5e7b40aab6c792de32d463dbdb58bfc8c45fe509ba9b54c0250b","timestamp":"2024-09-22T00:58:03.642Z"}
{"level":"info","message":"PATCH /api/v1/user/password_reset/:9aaf2903e15b5e7b40aab6c792de32d463dbdb58bfc8c45fe509ba9b54c0250b","timestamp":"2024-09-22T00:58:04.129Z"}
{"level":"info","message":"PATCH /api/v1/user/password_reset/:9aaf2903e15b5e7b40aab6c792de32d463dbdb58bfc8c45fe509ba9b54c0250b","timestamp":"2024-09-22T00:58:04.566Z"}
{"level":"info","message":"PATCH /api/v1/user/password_update","timestamp":"2024-09-22T00:58:16.196Z"}
{"level":"info","message":"PATCH /api/v1/user/password_update","timestamp":"2024-09-22T00:59:26.267Z"}
{"level":"info","message":"POST /api/v1/user/signin","timestamp":"2024-09-22T00:59:33.285Z"}
{"level":"info","message":"POST /api/v1/user/signin","timestamp":"2024-09-22T00:59:38.112Z"}
{"level":"info","message":"PATCH /api/v1/user/password_update","timestamp":"2024-09-22T00:59:47.930Z"}
{"level":"info","message":"POST /api/v1/user/signin","timestamp":"2024-09-22T00:59:54.995Z"}
{"level":"info","message":"POST /api/v1/user/signin","timestamp":"2024-09-22T00:59:58.770Z"}
{"level":"info","message":"POST /api/v1/user/signin","timestamp":"2024-09-22T00:59:59.880Z"}
{"level":"info","message":"POST /api/v1/user/signin","timestamp":"2024-09-22T01:00:03.550Z"}
{"level":"info","message":"POST /api/v1/user/signin","timestamp":"2024-09-22T01:00:04.638Z"}
{"level":"info","message":"POST /api/v1/user/signin","timestamp":"2024-09-22T01:00:05.501Z"}
{"level":"info","message":"POST /api/v1/user/signin","timestamp":"2024-09-22T01:00:12.822Z"}
{"level":"info","message":"POST /api/v1/user/password_reset","timestamp":"2024-09-22T01:00:23.221Z"}
{"level":"info","message":"PATCH /api/v1/user/password_reset/:3b43a08d9003e4afe4876dae37e07534f0773cf7adf4291688931c95e20bab84","timestamp":"2024-09-22T01:00:46.749Z"}
{"level":"info","message":"PATCH /api/v1/user/password_reset/:3b43a08d9003e4afe4876dae37e07534f0773cf7adf4291688931c95e20bab84","timestamp":"2024-09-22T01:00:52.219Z"}
{"level":"info","message":"PATCH /api/v1/user/password_reset/:3b43a08d9003e4afe4876dae37e07534f0773cf7adf4291688931c95e20bab84","timestamp":"2024-09-22T01:00:52.894Z"}
{"level":"info","message":"PATCH /api/v1/user/password_reset/:ca05b0e3f0472c0e845e210145444fe07a0c76b31a0dbbcab2464486c553621b","timestamp":"2024-09-22T01:01:00.025Z"}
{"level":"info","message":"PATCH /api/v1/user/password_reset/:ca05b0e3f0472c0e845e210145444fe07a0c76b31a0dbbcab2464486c553621b","timestamp":"2024-09-22T01:01:00.704Z"}
{"level":"info","message":"PATCH /api/v1/user/password_reset/:ca05b0e3f0472c0e845e210145444fe07a0c76b31a0dbbcab2464486c553621b","timestamp":"2024-09-22T01:01:01.217Z"}
{"level":"info","message":"POST /api/v1/user/password_reset","timestamp":"2024-09-22T01:02:13.962Z"}
{"level":"info","message":"PATCH /api/v1/user/password_reset/:1ff14a7518fd51479647494df6dbec9e18077d878219d118821df68d135fe464","timestamp":"2024-09-22T01:03:19.917Z"}
{"level":"info","message":"POST /api/v1/user/signin","timestamp":"2024-09-22T01:12:25.581Z"}
{"level":"info","message":"POST /api/v1/user/password_reset","timestamp":"2024-09-22T01:12:28.740Z"}
{"level":"info","message":"POST /api/v1/user/password_reset","timestamp":"2024-09-22T01:12:52.456Z"}
{"level":"info","message":"PATCH /api/v1/user/password_reset/:ac97f4d9450247056ebd874b0a185020ebf2297f45c1c25f64eb766f48a69b98","timestamp":"2024-09-22T01:13:41.882Z"}
{"level":"info","message":"PATCH /api/v1/user/password_reset/:ac97f4d9450247056ebd874b0a185020ebf2297f45c1c25f64eb766f48a69b98","timestamp":"2024-09-22T01:14:09.147Z"}
{"level":"info","message":"PATCH /api/v1/user/password_reset/:ac97f4d9450247056ebd874b0a185020ebf2297f45c1c25f64eb766f48a69b98","timestamp":"2024-09-22T01:14:10.121Z"}
{"level":"info","message":"PATCH /api/v1/user/password_reset/:ac97f4d9450247056ebd874b0a185020ebf2297f45c1c25f64eb766f48a69b98","timestamp":"2024-09-22T01:14:11.137Z"}
{"level":"info","message":"PATCH /api/v1/user/password_reset/:ac97f4d9450247056ebd874b0a185020ebf2297f45c1c25f64eb766f48a69b98","timestamp":"2024-09-22T01:14:12.494Z"}
{"level":"info","message":"PATCH /api/v1/user/password_reset/:ac97f4d9450247056ebd874b0a185020ebf2297f45c1c25f64eb766f48a69b98","timestamp":"2024-09-22T01:15:00.451Z"}
{"level":"info","message":"PATCH /api/v1/user/password_reset/:ac97f4d9450247056ebd874b0a185020ebf2297f45c1c25f64eb766f48a69b98","timestamp":"2024-09-22T01:15:01.171Z"}
{"level":"info","message":"PATCH /api/v1/user/password_reset/:ac97f4d9450247056ebd874b0a185020ebf2297f45c1c25f64eb766f48a69b98","timestamp":"2024-09-22T01:15:15.550Z"}
{"level":"info","message":"POST /api/v1/user/password_reset","timestamp":"2024-09-22T01:17:13.259Z"}
{"level":"info","message":"PATCH /api/v1/user/password_reset/:66c438f953f25218fee7de5a839541d06e8a0100853c70687563103cf9cad513","timestamp":"2024-09-22T01:18:02.199Z"}
{"level":"info","message":"PATCH /api/v1/user/password_reset/:66c438f953f25218fee7de5a839541d06e8a0100853c70687563103cf9cad513","timestamp":"2024-09-22T01:18:05.166Z"}
{"level":"info","message":"POST /api/v1/user/password_reset","timestamp":"2024-09-22T01:20:06.445Z"}
{"level":"info","message":"PATCH /api/v1/user/password_reset/:c2e3c2a605f54961cb6df6746223c6735ea83256f6a59a5f72bb3ecb4151b5c0","timestamp":"2024-09-22T01:20:38.995Z"}
{"level":"info","message":"PATCH /api/v1/user/password_reset/:c2e3c2a605f54961cb6df6746223c6735ea83256f6a59a5f72bb3ecb4151b5c0","timestamp":"2024-09-22T01:20:40.124Z"}
{"level":"info","message":"PATCH /api/v1/user/password_reset/:c2e3c2a605f54961cb6df6746223c6735ea83256f6a59a5f72bb3ecb4151b5c0","timestamp":"2024-09-22T01:20:40.806Z"}
{"level":"info","message":"PATCH /api/v1/user/password_reset/:c2e3c2a605f54961cb6df6746223c6735ea83256f6a59a5f72bb3ecb4151b5c0","timestamp":"2024-09-22T01:20:41.167Z"}
{"level":"info","message":"PATCH /api/v1/user/password_reset/:c2e3c2a605f54961cb6df6746223c6735ea83256f6a59a5f72bb3ecb4151b5c0","timestamp":"2024-09-22T01:20:41.484Z"}
{"level":"info","message":"POST /api/v1/user/password_reset","timestamp":"2024-09-22T01:31:35.512Z"}
{"level":"info","message":"POST /api/v1/user/signin","timestamp":"2024-09-22T01:31:38.567Z"}
{"level":"info","message":"POST /api/v1/user/password_reset","timestamp":"2024-09-22T01:31:40.582Z"}
{"level":"info","message":"PATCH /api/v1/user/password_reset/:ca0c78e63e7d58827eef046714106e881bc190bbf14a5fdd09deca0938e4e39c","timestamp":"2024-09-22T01:32:07.659Z"}
{"level":"info","message":"POST /api/v1/user/password_reset","timestamp":"2024-09-22T01:34:49.617Z"}
{"level":"info","message":"POST /api/v1/user/password_reset","timestamp":"2024-09-22T01:39:45.240Z"}
{"level":"info","message":"PATCH /api/v1/user/password_reset/:617db919472978e214d8520fcb2a37d3881a61ce32a4900ba335c78fe2589a31","timestamp":"2024-09-22T01:41:50.034Z"}
{"level":"info","message":"POST /api/v1/user/signin","timestamp":"2024-09-22T01:41:53.234Z"}
{"level":"info","message":"PATCH /api/v1/user/password_reset/:617db919472978e214d8520fcb2a37d3881a61ce32a4900ba335c78fe2589a31","timestamp":"2024-09-22T01:41:55.375Z"}
{"level":"info","message":"PATCH /api/v1/user/password_reset/:617db919472978e214d8520fcb2a37d3881a61ce32a4900ba335c78fe2589a31","timestamp":"2024-09-22T01:45:40.674Z"}
{"level":"info","message":"PATCH /api/v1/user/password_reset/:617db919472978e214d8520fcb2a37d3881a61ce32a4900ba335c78fe2589a31","timestamp":"2024-09-22T01:45:41.472Z"}
{"level":"info","message":"PATCH /api/v1/user/password_reset/:617db919472978e214d8520fcb2a37d3881a61ce32a4900ba335c78fe2589a31","timestamp":"2024-09-22T01:45:42.040Z"}
{"level":"info","message":"POST /api/v1/user/signin","timestamp":"2024-09-22T01:47:24.086Z"}
{"level":"info","message":"POST /api/v1/user/password_reset","timestamp":"2024-09-22T01:47:26.055Z"}
{"level":"info","message":"PATCH /api/v1/user/password_reset/:2f55b8bd3348a51a82488f15e5b57fbe372b3fe7815a03235df721b7f47b582c","timestamp":"2024-09-22T01:47:56.453Z"}
{"level":"info","message":"PATCH /api/v1/user/password_reset/:2f55b8bd3348a51a82488f15e5b57fbe372b3fe7815a03235df721b7f47b582c","timestamp":"2024-09-22T01:47:57.500Z"}
{"level":"info","message":"PATCH /api/v1/user/password_reset/:2f55b8bd3348a51a82488f15e5b57fbe372b3fe7815a03235df721b7f47b582c","timestamp":"2024-09-22T01:47:58.098Z"}
{"level":"info","message":"PATCH /api/v1/user/password_reset/:2f55b8bd3348a51a82488f15e5b57fbe372b3fe7815a03235df721b7f47b582c","timestamp":"2024-09-22T01:47:59.351Z"}
{"level":"info","message":"POST /api/v1/user/password_reset","timestamp":"2024-09-22T01:49:13.673Z"}
{"level":"info","message":"PATCH /api/v1/user/password_reset/:95d5662ae1a463c50814714600c18b49761def1b93268ef6ded300db35f19f53","timestamp":"2024-09-22T01:49:40.318Z"}
{"level":"info","message":"POST /api/v1/user/password_reset","timestamp":"2024-09-22T01:55:15.139Z"}
{"level":"info","message":"PATCH /api/v1/user/password_reset/:cd738cbb6e68c57fcaeeb37065c43d441cff0b3089b368504a57835d7b31e48a","timestamp":"2024-09-22T01:56:44.345Z"}
{"level":"info","message":"PATCH /api/v1/user/password_reset/:cd738cbb6e68c57fcaeeb37065c43d441cff0b3089b368504a57835d7b31e48a","timestamp":"2024-09-22T01:57:00.117Z"}
{"level":"info","message":"PATCH /api/v1/user/password_reset/:cd738cbb6e68c57fcaeeb37065c43d441cff0b3089b368504a57835d7b31e48a","timestamp":"2024-09-22T01:57:23.565Z"}
{"level":"info","message":"PATCH /api/v1/user/password_reset/:cd738cbb6e68c57fcaeeb37065c43d441cff0b3089b368504a57835d7b31e48a","timestamp":"2024-09-22T01:58:51.934Z"}
{"level":"info","message":"PATCH /api/v1/user/password_reset/:cd738cbb6e68c57fcaeeb37065c43d441cff0b3089b368504a57835d7b31e48a","timestamp":"2024-09-22T01:58:53.202Z"}
{"level":"info","message":"POST /api/v1/user/signin","timestamp":"2024-09-22T01:58:54.914Z"}
{"level":"info","message":"PATCH /api/v1/user/password_reset/:cd738cbb6e68c57fcaeeb37065c43d441cff0b3089b368504a57835d7b31e48a","timestamp":"2024-09-22T01:58:56.724Z"}
{"level":"info","message":"PATCH /api/v1/user/password_reset/:cd738cbb6e68c57fcaeeb37065c43d441cff0b3089b368504a57835d7b31e48a","timestamp":"2024-09-22T01:58:57.726Z"}
{"level":"info","message":"PATCH /api/v1/user/password_reset/:cd738cbb6e68c57fcaeeb37065c43d441cff0b3089b368504a57835d7b31e48a","timestamp":"2024-09-22T01:58:58.264Z"}
{"level":"info","message":"PATCH /api/v1/user/password_reset/:cd738cbb6e68c57fcaeeb37065c43d441cff0b3089b368504a57835d7b31e48a","timestamp":"2024-09-22T01:59:42.619Z"}
{"level":"info","message":"PATCH /api/v1/user/password_reset/:cd738cbb6e68c57fcaeeb37065c43d441cff0b3089b368504a57835d7b31e48a","timestamp":"2024-09-22T01:59:43.442Z"}
{"level":"info","message":"PATCH /api/v1/user/password_reset/:cd738cbb6e68c57fcaeeb37065c43d441cff0b3089b368504a57835d7b31e48a","timestamp":"2024-09-22T01:59:43.996Z"}
{"level":"info","message":"PATCH /api/v1/user/password_reset/:cd738cbb6e68c57fcaeeb37065c43d441cff0b3089b368504a57835d7b31e48a","timestamp":"2024-09-22T01:59:44.318Z"}
{"level":"info","message":"POST /api/v1/user/password_reset","timestamp":"2024-09-22T01:59:46.947Z"}
{"level":"info","message":"PATCH /api/v1/user/password_reset/:a54c513d201e863ee4090a832bd6af1d02b898ba00fe8dced9752b6bc9e7416e","timestamp":"2024-09-22T02:00:00.512Z"}
{"level":"info","message":"PATCH /api/v1/user/password_reset/:a54c513d201e863ee4090a832bd6af1d02b898ba00fe8dced9752b6bc9e7416e","timestamp":"2024-09-22T02:00:01.846Z"}
{"level":"info","message":"PATCH /api/v1/user/password_reset/:a54c513d201e863ee4090a832bd6af1d02b898ba00fe8dced9752b6bc9e7416e","timestamp":"2024-09-22T02:00:02.488Z"}
{"level":"info","message":"PATCH /api/v1/user/password_reset/:a54c513d201e863ee4090a832bd6af1d02b898ba00fe8dced9752b6bc9e7416e","timestamp":"2024-09-22T02:00:02.940Z"}
{"level":"info","message":"PATCH /api/v1/user/password_reset/:a54c513d201e863ee4090a832bd6af1d02b898ba00fe8dced9752b6bc9e7416e","timestamp":"2024-09-22T02:00:03.299Z"}
{"level":"info","message":"PATCH /api/v1/user/password_reset/:a54c513d201e863ee4090a832bd6af1d02b898ba00fe8dced9752b6bc9e7416e","timestamp":"2024-09-22T02:00:03.618Z"}
{"level":"info","message":"PATCH /api/v1/user/password_reset/:a54c513d201e863ee4090a832bd6af1d02b898ba00fe8dced9752b6bc9e7416e","timestamp":"2024-09-22T02:00:03.935Z"}
{"level":"info","message":"PATCH /api/v1/user/password_reset/a54c513d201e863ee4090a832bd6af1d02b898ba00fe8dced9752b6bc9e7416e","timestamp":"2024-09-22T02:00:42.134Z"}
{"level":"info","message":"POST /api/v1/user/password_reset","timestamp":"2024-09-22T02:01:16.250Z"}
{"level":"info","message":"PATCH /api/v1/user/password_reset/55ec7648187ff167927c45f41d1e5f1b162870a1ec71ed63831359bf0dd88e46","timestamp":"2024-09-22T02:01:31.735Z"}
{"level":"info","message":"PATCH /api/v1/user/password_reset/55ec7648187ff167927c45f41d1e5f1b162870a1ec71ed63831359bf0dd88e46","timestamp":"2024-09-22T02:02:48.628Z"}
{"level":"info","message":"PATCH /api/v1/user/password_reset/55ec7648187ff167927c45f41d1e5f1b162870a1ec71ed63831359bf0dd88e46","timestamp":"2024-09-22T02:02:49.310Z"}
{"level":"info","message":"PATCH /api/v1/user/password_reset/55ec7648187ff167927c45f41d1e5f1b162870a1ec71ed63831359bf0dd88e46","timestamp":"2024-09-22T02:04:41.047Z"}
{"level":"info","message":"POST /api/v1/user/signin","timestamp":"2024-09-22T02:04:47.805Z"}
{"level":"info","message":"GET /api/v1/product/category/paving","timestamp":"2024-09-22T02:04:59.283Z"}
{"level":"info","message":"GET /api/v1/product/category/marble","timestamp":"2024-09-22T02:05:12.125Z"}
{"level":"info","message":"GET /api/v1/product/category/paving","timestamp":"2024-09-22T02:05:18.695Z"}
{"level":"info","message":"GET /api/v1/product/category/marble","timestamp":"2024-09-22T02:05:58.606Z"}
{"level":"info","message":"GET /api/v1/product/category","timestamp":"2024-09-22T02:06:25.356Z"}
{"level":"info","message":"GET /api/v1/product/category","timestamp":"2024-09-22T02:06:26.560Z"}
{"level":"info","message":"GET /api/v1/product/","timestamp":"2024-09-22T02:06:31.390Z"}
{"level":"info","message":"GET /api/v1/product/","timestamp":"2024-09-22T02:06:32.237Z"}
{"level":"info","message":"GET /api/v1/product/","timestamp":"2024-09-22T02:06:33.012Z"}
{"level":"info","message":"GET /api/v1/product","timestamp":"2024-09-22T02:06:36.382Z"}
{"level":"info","message":"GET /api/v1/product","timestamp":"2024-09-22T02:06:37.127Z"}
{"level":"info","message":"GET /api/v1/product/category/marble","timestamp":"2024-09-22T02:06:43.350Z"}
{"level":"info","message":"GET /api/v1/product/category/paving","timestamp":"2024-09-22T02:06:48.011Z"}
{"level":"info","message":"DELETE /api/v1/product/:6648b1d969e3c66866b6ef72","timestamp":"2024-09-22T02:06:55.998Z"}
{"level":"info","message":"DELETE /api/v1/product/:6648b1d969e3c66866b6ef72","timestamp":"2024-09-22T02:08:34.207Z"}
{"level":"info","message":"DELETE /api/v1/product/:6648b1d969e3c66866b6ef72","timestamp":"2024-09-22T02:08:35.799Z"}
{"level":"info","message":"DELETE /api/v1/product/:6648b1d969e3c66866b6ef72","timestamp":"2024-09-22T02:08:41.686Z"}
{"level":"info","message":"DELETE /api/v1/product/:6648b1d969e3c66866b6ef72","timestamp":"2024-09-22T02:08:42.865Z"}
{"level":"info","message":"DELETE /api/v1/product/:6648b1d969e3c66866b6ef72","timestamp":"2024-09-22T02:08:43.489Z"}
{"level":"info","message":"DELETE /api/v1/product/:6648b1d969e3c66866b6ef72","timestamp":"2024-09-22T02:09:30.156Z"}
{"level":"info","message":"DELETE /api/v1/product/:6648b1d969e3c66866b6ef72","timestamp":"2024-09-22T02:09:31.695Z"}
{"level":"info","message":"DELETE /api/v1/product/:6648b1d969e3c66866b6ef72","timestamp":"2024-09-22T02:09:32.376Z"}
{"level":"info","message":"DELETE /api/v1/product/:6648b1d969e3c66866b6ef72","timestamp":"2024-09-22T02:09:32.838Z"}
{"level":"info","message":"DELETE /api/v1/product/:6648b1d969e3c66866b6ef72","timestamp":"2024-09-22T02:09:34.888Z"}
{"level":"info","message":"DELETE /api/v1/product/:6648b1d969e3c66866b6ef72","timestamp":"2024-09-22T02:09:35.964Z"}
{"level":"info","message":"DELETE /api/v1/product/6648b1d969e3c66866b6ef72","timestamp":"2024-09-22T02:09:59.142Z"}
{"level":"info","message":"GET /api/v1/product/category/paving","timestamp":"2024-09-22T02:10:09.376Z"}
{"level":"info","message":"GET /api/v1/product/category/paving","timestamp":"2024-09-22T02:10:10.158Z"}
{"level":"info","message":"GET /api/v1/product/category/paving","timestamp":"2024-09-22T02:10:10.600Z"}
{"level":"info","message":"DELETE /api/v1/product/6649a2c0817cee2409642f8c","timestamp":"2024-09-22T02:10:37.326Z"}
{"level":"info","message":"DELETE /api/v1/product/6649a2c0817cee2409642f8c","timestamp":"2024-09-22T02:10:38.485Z"}
{"level":"info","message":"DELETE /api/v1/product/","timestamp":"2024-09-22T02:10:57.189Z"}
{"level":"info","message":"POST /api/v1/product","timestamp":"2024-09-22T02:12:20.411Z"}
{"level":"info","message":"DELETE /api/v1/product/66ef7d058566210764719d3a","timestamp":"2024-09-22T02:12:33.949Z"}
{"level":"info","message":"POST /api/v1/user/newassistant","timestamp":"2024-09-22T02:12:48.203Z"}
{"level":"info","message":"POST /api/v1/user/newassistant","timestamp":"2024-09-22T02:13:29.182Z"}
{"level":"info","message":"POST /api/v1/user/newassistant","timestamp":"2024-09-22T02:15:30.907Z"}
{"level":"info","message":"POST /api/v1/user/signin","timestamp":"2024-09-22T02:15:36.614Z"}
{"level":"info","message":"POST /api/v1/user/newassistant","timestamp":"2024-09-22T02:15:41.479Z"}
{"level":"info","message":"POST /api/v1/user/newassistant","timestamp":"2024-09-22T02:16:06.526Z"}
{"level":"info","message":"POST /api/v1/user/newassistant","timestamp":"2024-09-22T02:16:36.042Z"}
{"level":"info","message":"POST /api/v1/user/newassistant","timestamp":"2024-09-22T02:17:11.543Z"}
{"level":"info","message":"POST /api/v1/user/newassistant","timestamp":"2024-09-22T02:17:15.586Z"}
{"level":"info","message":"POST /api/v1/user/newassistant","timestamp":"2024-09-22T02:17:16.440Z"}
{"level":"info","message":"POST /api/v1/user/signin","timestamp":"2024-09-22T02:17:54.353Z"}
{"level":"info","message":"POST /api/v1/user/newassistant","timestamp":"2024-09-22T02:17:58.300Z"}
{"level":"info","message":"POST /api/v1/user/delete/assistant","timestamp":"2024-09-22T02:21:29.147Z"}
{"level":"info","message":"POST /api/v1/user/newassistant","timestamp":"2024-09-22T02:21:34.131Z"}
{"level":"info","message":"POST /api/v1/user/signin","timestamp":"2024-09-22T02:21:45.752Z"}
{"level":"info","message":"POST /api/v1/user/newassistant","timestamp":"2024-09-22T02:21:56.786Z"}
{"level":"info","message":"POST /api/v1/user/newassistant","timestamp":"2024-09-22T02:22:09.884Z"}
{"level":"info","message":"POST /api/v1/user/newassistant","timestamp":"2024-09-22T02:22:16.762Z"}
{"level":"info","message":"POST /api/v1/user/newassistant","timestamp":"2024-09-22T02:22:17.701Z"}
{"level":"info","message":"POST /api/v1/user/delete/assistant","timestamp":"2024-09-22T02:22:34.271Z"}
{"level":"info","message":"POST /api/v1/user/newassistant","timestamp":"2024-09-22T02:22:37.308Z"}
{"level":"info","message":"POST /api/v1/user/newassistant","timestamp":"2024-09-22T02:22:38.421Z"}
{"level":"info","message":"POST /api/v1/user/newassistant","timestamp":"2024-09-22T02:22:39.303Z"}
{"level":"info","message":"POST /api/v1/user/newassistant","timestamp":"2024-09-22T02:22:40.485Z"}
{"level":"info","message":"POST /api/v1/user/newassistant","timestamp":"2024-09-22T02:22:41.059Z"}
{"level":"info","message":"POST /api/v1/user/newassistant","timestamp":"2024-09-22T02:22:41.608Z"}
{"level":"info","message":"POST /api/v1/user/signin","timestamp":"2024-09-22T02:22:45.133Z"}
{"level":"info","message":"PATCH /api/v1/user/update","timestamp":"2024-09-22T02:22:50.556Z"}
{"level":"info","message":"PATCH /api/v1/user/update","timestamp":"2024-09-22T02:22:51.740Z"}
{"level":"info","message":"PATCH /api/v1/user/update","timestamp":"2024-09-22T02:22:52.443Z"}
{"level":"info","message":"PATCH /api/v1/user/update","timestamp":"2024-09-22T02:22:53.020Z"}
{"level":"info","message":"PATCH /api/v1/user/update","timestamp":"2024-09-22T02:22:53.615Z"}
{"level":"info","message":"PATCH /api/v1/user/update","timestamp":"2024-09-22T02:22:54.170Z"}
{"level":"info","message":"PATCH /api/v1/user/update","timestamp":"2024-09-22T02:22:54.716Z"}
{"level":"info","message":"PATCH /api/v1/user/update","timestamp":"2024-09-22T02:22:55.274Z"}
{"level":"info","message":"POST /api/v1/user/newassistant","timestamp":"2024-09-22T02:23:06.490Z"}
{"level":"info","message":"POST /api/v1/user/disable/assistant","timestamp":"2024-09-22T02:23:18.001Z"}
{"level":"info","message":"POST /api/v1/user/delete/assistant","timestamp":"2024-09-22T02:23:38.631Z"}
{"level":"info","message":"GET /api/v1/product/category/paving","timestamp":"2024-09-22T02:23:41.827Z"}
{"level":"info","message":"POST /api/v1/user/newassistant","timestamp":"2024-09-22T02:23:45.354Z"}
{"level":"info","message":"POST /api/v1/product","timestamp":"2024-09-22T02:23:55.632Z"}
{"level":"info","message":"DELETE /api/v1/product/","timestamp":"2024-09-22T02:23:58.718Z"}
{"level":"info","message":"DELETE /api/v1/product/","timestamp":"2024-09-22T02:23:59.743Z"}
{"level":"info","message":"DELETE /api/v1/product/66ef7d058566210764719d3a","timestamp":"2024-09-22T02:24:02.243Z"}
{"level":"info","message":"DELETE /api/v1/product/66ef7d058566210764719d3a","timestamp":"2024-09-22T02:24:02.956Z"}
{"level":"info","message":"DELETE /api/v1/product/66ef7d058566210764719d3a","timestamp":"2024-09-22T02:24:03.340Z"}
{"level":"info","message":"POST /api/v1/user/signin","timestamp":"2024-09-22T02:25:14.922Z"}
{"level":"info","message":"POST /api/v1/user/signin","timestamp":"2024-09-22T02:25:53.451Z"}
{"level":"info","message":"POST /api/v1/user/signin","timestamp":"2024-09-22T02:25:54.382Z"}
{"level":"info","message":"POST /api/v1/user/newassistant","timestamp":"2024-09-22T02:26:04.199Z"}
{"level":"info","message":"POST /api/v1/user/disable/assistant","timestamp":"2024-09-22T02:26:41.922Z"}
{"level":"info","message":"POST /api/v1/user/disable/assistant","timestamp":"2024-09-22T02:26:43.530Z"}
{"level":"info","message":"POST /api/v1/user/delete/assistant","timestamp":"2024-09-22T02:26:56.631Z"}
{"level":"info","message":"POST /api/v1/user/newassistant","timestamp":"2024-09-22T02:27:17.532Z"}
{"level":"info","message":"POST /api/v1/user/signin","timestamp":"2024-09-22T02:28:13.200Z"}
{"level":"info","message":"POST /api/v1/user/newassistant","timestamp":"2024-09-22T02:28:15.690Z"}
{"level":"info","message":"POST /api/v1/user/disable/assistant","timestamp":"2024-09-22T02:28:18.703Z"}
{"level":"info","message":"POST /api/v1/user/disable/assistant","timestamp":"2024-09-22T02:28:35.453Z"}
{"level":"info","message":"POST /api/v1/user/signin","timestamp":"2024-09-22T02:33:05.531Z"}
{"level":"info","message":"POST /api/v1/user/newassistant","timestamp":"2024-09-22T02:33:16.140Z"}
{"level":"info","message":"POST /api/v1/user/disable/assistant","timestamp":"2024-09-22T02:33:21.922Z"}
{"level":"info","message":"POST /api/v1/user/disable/assistant","timestamp":"2024-09-22T02:33:22.628Z"}
{"level":"info","message":"POST /api/v1/user/disable/assistant","timestamp":"2024-09-22T02:33:23.233Z"}
{"level":"info","message":"POST /api/v1/user/disable/assistant","timestamp":"2024-09-22T02:33:23.681Z"}
{"level":"info","message":"POST /api/v1/user/delete/assistant","timestamp":"2024-09-22T02:33:25.313Z"}
{"level":"info","message":"POST /api/v1/user/newassistant","timestamp":"2024-09-22T02:33:29.248Z"}
{"level":"info","message":"POST /api/v1/user/delete/assistant","timestamp":"2024-09-22T02:33:32.044Z"}
{"level":"info","message":"POST /api/v1/user/newassistant","timestamp":"2024-09-22T02:33:33.832Z"}
{"level":"info","message":"POST /api/v1/user/delete/assistant","timestamp":"2024-09-22T02:33:35.577Z"}
{"level":"info","message":"GET /api/v1/user/users","timestamp":"2024-09-22T02:35:12.295Z"}
{"level":"info","message":"GET /api/v1/user/users","timestamp":"2024-09-22T02:35:34.496Z"}
{"level":"info","message":"POST /api/v1/examples/upload","timestamp":"2024-09-22T02:36:05.971Z"}
{"level":"info","message":"GET /api/v1/examples/images","timestamp":"2024-09-22T02:36:16.688Z"}
{"level":"info","message":"DELETE /api/v1/examples/delete/66ef8296002df737a1487443","timestamp":"2024-09-22T02:36:35.845Z"}
{"level":"info","message":"POST /api/v1/examples/upload","timestamp":"2024-09-22T02:37:15.790Z"}
{"level":"info","message":"GET /api/v1/examples/images","timestamp":"2024-09-22T02:37:22.977Z"}
{"level":"info","message":"POST /api/v1/user/signin","timestamp":"2024-09-22T02:42:59.026Z"}
{"level":"info","message":"POST /api/v1/user/signout","timestamp":"2024-09-22T02:43:06.751Z"}
{"level":"info","message":"POST /api/v1/user/password_reset","timestamp":"2024-09-22T02:43:11.871Z"}
{"level":"info","message":"PATCH /api/v1/user/password_update","timestamp":"2024-09-22T02:43:18.283Z"}
{"level":"info","message":"PATCH /api/v1/user/password_update","timestamp":"2024-09-22T02:46:34.260Z"}
{"level":"info","message":"PATCH /api/v1/user/password_update","timestamp":"2024-09-22T02:46:34.905Z"}
{"level":"info","message":"PATCH /api/v1/user/password_update","timestamp":"2024-09-22T02:48:41.066Z"}
